2021-04-17 13:34:40,396 INFO com.redislabs.cdc.integration.test.IntegrationMain [main] Initializing Integration Test Application.
2021-04-17 13:34:49,650 INFO com.redislabs.cdc.integration.test.IntegrationMain [main] Initializing Integration Test Application.
2021-04-17 13:34:52,820 INFO com.redislabs.cdc.integration.test.target.redis.QueryAndCompare [main] Got 30 Redis keys to process from /home/oren/projects/redislabs/redis-cdc-integration-test/bin/../config/redis.keys.
2021-04-17 13:34:52,988 INFO com.redislabs.cdc.integration.test.target.redis.QueryAndCompare [main] Connected to Provider at HikariProxyConnection@1206051975 wrapping ConnectionID:1 ClientConnectionId: c918ffab-b74b-4568-8762-9227a0cd4cee
2021-04-17 13:34:53,254 INFO com.redislabs.cdc.integration.test.target.redis.QueryAndCompare [main] Got 30 rows to process from /home/oren/projects/redislabs/redis-cdc-integration-test/bin/../config/emp-source.json.
2021-04-17 13:34:54,143 INFO com.redislabs.cdc.integration.test.core.IntegrationUtil [main] Connected to target Redis at redis://35.185.69.89:14000
2021-04-17 13:34:58,897 INFO com.redislabs.cdc.integration.test.target.redis.QueryAndCompare [main] Going to compare 30 source records to 30 Redis target records.
2021-04-17 13:34:58,898 INFO com.redislabs.cdc.integration.test.target.redis.QueryAndCompare [main] Comparison result: false
2021-04-17 13:34:58,898 INFO com.redislabs.cdc.integration.test.target.redis.QueryAndCompare [main] Source and Target records did not match.
2021-04-17 13:34:58,898 INFO com.redislabs.cdc.integration.test.target.redis.QueryAndCompare [main] Source:
 [{"fname":"Dorothea","lname":"Cousens","comm":"123523.93","mgr":"23","empno":"1","dept":"36","job":"Pharmacist","hiredate":"2010-08-30T19:27:32","sal":"122252.27"},{"fname":"Filberte","lname":"Hastewell","comm":"166130.36","mgr":"17","empno":"2","dept":"72","job":"Safety Technician III","hiredate":"2016-05-07T02:20:52","sal":"104880.82"},{"fname":"Ingaborg","lname":"Atcherley","comm":"170885.26","mgr":"14","empno":"3","dept":"44","job":"Speech Pathologist","hiredate":"2017-09-29T14:43:29","sal":"167445.76"},{"fname":"Flori","lname":"Foston","comm":"163422.88","mgr":"24","empno":"4","dept":"90","job":"Analog Circuit Design manager","hiredate":"2012-12-21T01:10:11","sal":"178484.69"},{"fname":"Andonis","lname":"Littledyke","comm":"101956.89","mgr":"81","empno":"5","dept":"16","job":"Junior Executive","hiredate":"2013-11-27T07:06:13","sal":"118853.6"},{"fname":"Madelena","lname":"Bletso","comm":"116595.75","mgr":"33","empno":"6","dept":"33","job":"Senior Quality Engineer","hiredate":"2016-03-08T14:43:35","sal":"151298.97"},{"fname":"Ninnetta","lname":"Skillanders","comm":"139617.52","mgr":"89","empno":"7","dept":"85","job":"Financial Advisor","hiredate":"2013-12-11T17:24:43","sal":"105777.45"},{"fname":"Prent","lname":"Kennady","comm":"149187.97","mgr":"43","empno":"8","dept":"62","job":"Assistant Media Planner","hiredate":"2017-08-09T15:55:31","sal":"138682.69"},{"fname":"Lynett","lname":"Hurdle","comm":"145901.03","mgr":"60","empno":"9","dept":"48","job":"Clinical Specialist","hiredate":"2011-11-19T01:35:03","sal":"141054.17"},{"fname":"Anastasia","lname":"Thick","comm":"108174.44","mgr":"26","empno":"10","dept":"82","job":"Systems Administrator III","hiredate":"2011-04-11T21:36:09","sal":"155601.43"},{"fname":"Vail","lname":"Grise","comm":"164146.75","mgr":"89","empno":"11","dept":"36","job":"Desktop Support Technician","hiredate":"2011-07-02T01:16:57","sal":"129375.55"},{"fname":"Jillana","lname":"Dominguez","comm":"154466.44","mgr":"37","empno":"12","dept":"68","job":"Automation Specialist I","hiredate":"2017-12-12T01:36:56","sal":"121792.8"},{"fname":"Rik","lname":"Gerg","comm":"146891.51","mgr":"73","empno":"13","dept":"76","job":"Help Desk Operator","hiredate":"2011-11-13T15:35:18","sal":"132005.28"},{"fname":"Melva","lname":"Lowdeane","comm":"140192.64","mgr":"12","empno":"14","dept":"88","job":"Help Desk Technician","hiredate":"2016-12-20T01:06:07","sal":"129143.69"},{"fname":"Alan","lname":"Castillon","comm":"112952.53","mgr":"35","empno":"15","dept":"58","job":"Food Chemist","hiredate":"2019-02-25T04:45:46","sal":"135092.13"},{"fname":"Kenton","lname":"Reyburn","comm":"172436.15","mgr":"78","empno":"16","dept":"55","job":"Assistant Manager","hiredate":"2014-02-14T00:52:29","sal":"104004.2"},{"fname":"Alasdair","lname":"Carlett","comm":"176137.61","mgr":"44","empno":"17","dept":"43","job":"Quality Control Specialist","hiredate":"2009-05-27T15:30:02","sal":"161845.42"},{"fname":"Alisa","lname":"Wipper","comm":"148183.0","mgr":"65","empno":"18","dept":"79","job":"Quality Control Specialist","hiredate":"2018-08-21T11:24:48","sal":"128803.98"},{"fname":"Teddy","lname":"Ferrelli","comm":"105928.86","mgr":"38","empno":"19","dept":"38","job":"Executive Secretary","hiredate":"2019-05-10T13:11:55","sal":"184214.64"},{"fname":"Margaux","lname":"Rivalant","comm":"170226.67","mgr":"94","empno":"20","dept":"100","job":"Clinical Specialist","hiredate":"2009-09-12T11:50:33","sal":"179589.4"},{"fname":"Doroteya","lname":"Jirzik","comm":"182323.58","mgr":"52","empno":"21","dept":"61","job":"Office Assistant III","hiredate":"2015-05-22T01:26:16","sal":"101394.42"},{"fname":"Christos","lname":"Kleinberer","comm":"143751.74","mgr":"42","empno":"22","dept":"81","job":"Paralegal","hiredate":"2012-11-13T04:48:42","sal":"109865.23"},{"fname":"Brandy","lname":"Rottenbury","comm":"184225.89","mgr":"55","empno":"23","dept":"87","job":"Junior Executive","hiredate":"2019-09-02T22:51:53","sal":"115654.04"},{"fname":"Merridie","lname":"Lailey","comm":"103779.92","mgr":"52","empno":"24","dept":"67","job":"Actuary","hiredate":"2009-12-30T05:20:22","sal":"158272.84"},{"fname":"Carolin","lname":"Element","comm":"167909.06","mgr":"13","empno":"25","dept":"27","job":"Paralegal","hiredate":"2017-11-22T16:32:35","sal":"168155.67"},{"fname":"Hartley","lname":"Wernher","comm":"156700.09","mgr":"24","empno":"26","dept":"56","job":"Nuclear Power Engineer","hiredate":"2019-10-02T23:07:16","sal":"154090.29"},{"fname":"Sherie","lname":"Huyche","comm":"102977.04","mgr":"84","empno":"27","dept":"25","job":"VP Sales","hiredate":"2017-04-04T15:48:46","sal":"171201.91"},{"fname":"Galven","lname":"Gatesman","comm":"143515.51","mgr":"41","empno":"28","dept":"89","job":"Automation Specialist IV","hiredate":"2019-01-03T00:53:20","sal":"164415.02"},{"fname":"Winna","lname":"Trassler","comm":"106866.49","mgr":"53","empno":"29","dept":"16","job":"Recruiter","hiredate":"2015-08-28T21:14:59","sal":"139222.64"},{"fname":"Willyt","lname":"Chaters","comm":"157095.95","mgr":"47","empno":"30","dept":"56","job":"Software Consultant","hiredate":"2013-10-21T22:29:03","sal":"165311.89"}]
2021-04-17 13:34:58,902 INFO com.redislabs.cdc.integration.test.target.redis.QueryAndCompare [main] Target:
 [{},{},{},{},{},{},{},{},{},{},{},{},{},{},{},{},{},{"fname":"Alisa","comm":"148183.0","lname":"Wipper","mgr":"65","dept":"79","empno":"18","job":"Quality Control Specialist","hiredate":"2018-08-21T11:24:48","sal":"128803.98"},{"fname":"Teddy","comm":"105928.86","lname":"Ferrelli","mgr":"38","dept":"38","empno":"19","job":"Executive Secretary","hiredate":"2019-05-10T13:11:55","sal":"184214.64"},{"fname":"Margaux","comm":"170226.67","lname":"Rivalant","mgr":"94","dept":"100","empno":"20","job":"Clinical Specialist","hiredate":"2009-09-12T11:50:33","sal":"179589.4"},{"fname":"Doroteya","comm":"182323.58","lname":"Jirzik","mgr":"52","dept":"61","empno":"21","job":"Office Assistant III","hiredate":"2015-05-22T01:26:16","sal":"101394.42"},{"fname":"Christos","comm":"143751.74","lname":"Kleinberer","mgr":"42","dept":"81","empno":"22","job":"Paralegal","hiredate":"2012-11-13T04:48:42","sal":"109865.23"},{"fname":"Brandy","comm":"184225.89","lname":"Rottenbury","mgr":"55","dept":"87","empno":"23","job":"Junior Executive","hiredate":"2019-09-02T22:51:53","sal":"115654.04"},{"fname":"Merridie","comm":"103779.92","lname":"Lailey","mgr":"52","dept":"67","empno":"24","job":"Actuary","hiredate":"2009-12-30T05:20:22","sal":"158272.84"},{"fname":"Carolin","comm":"167909.06","lname":"Element","mgr":"13","dept":"27","empno":"25","job":"Paralegal","hiredate":"2017-11-22T16:32:35","sal":"168155.67"},{"fname":"Hartley","comm":"156700.09","lname":"Wernher","mgr":"24","dept":"56","empno":"26","job":"Nuclear Power Engineer","hiredate":"2019-10-02T23:07:16","sal":"154090.29"},{"fname":"Sherie","comm":"102977.04","lname":"Huyche","mgr":"84","dept":"25","empno":"27","job":"VP Sales","hiredate":"2017-04-04T15:48:46","sal":"171201.91"},{"fname":"Galven","comm":"143515.51","lname":"Gatesman","mgr":"41","dept":"89","empno":"28","job":"Automation Specialist IV","hiredate":"2019-01-03T00:53:20","sal":"164415.02"},{"fname":"Winna","comm":"106866.49","lname":"Trassler","mgr":"53","dept":"16","empno":"29","job":"Recruiter","hiredate":"2015-08-28T21:14:59","sal":"139222.64"},{"fname":"Willyt","comm":"157095.95","lname":"Chaters","mgr":"47","dept":"56","empno":"30","job":"Software Consultant","hiredate":"2013-10-21T22:29:03","sal":"165311.89"}]
2021-04-17 13:52:32,915 INFO com.redislabs.cdc.integration.test.IntegrationMain [main] Initializing Integration Test Application.
2021-04-17 13:52:36,171 INFO com.redislabs.cdc.integration.test.target.redis.QueryAndCompare [main] Got 30 Redis keys to process from /home/oren/projects/redislabs/redis-cdc-integration-test/bin/../config/redis.keys.
2021-04-17 13:52:36,344 INFO com.redislabs.cdc.integration.test.target.redis.QueryAndCompare [main] Connected to Provider at HikariProxyConnection@1206051975 wrapping ConnectionID:1 ClientConnectionId: a2b92b3c-20e9-4f27-963a-589a1bc7335b
2021-04-17 13:52:36,619 INFO com.redislabs.cdc.integration.test.target.redis.QueryAndCompare [main] Got 30 rows to process from /home/oren/projects/redislabs/redis-cdc-integration-test/bin/../config/emp-source.json.
2021-04-17 13:52:37,525 INFO com.redislabs.cdc.integration.test.core.IntegrationUtil [main] Connected to target Redis at redis://35.185.69.89:14000
2021-04-17 13:52:42,623 INFO com.redislabs.cdc.integration.test.target.redis.QueryAndCompare [main] Going to compare 30 source records to 30 Redis target records.
2021-04-17 13:52:42,625 INFO com.redislabs.cdc.integration.test.target.redis.QueryAndCompare [main] Source and Target records matched. Hooray!
2021-04-17 13:52:42,626 INFO com.redislabs.cdc.integration.test.target.redis.QueryAndCompare [main] Comparison result: true
2021-04-17 13:54:45,598 INFO com.redislabs.cdc.integration.test.IntegrationMain [main] Initializing Integration Test Application.
2021-04-17 13:54:48,813 INFO com.redislabs.cdc.integration.test.target.redis.QueryAndCompare [main] Got 30 Redis keys to process from /home/oren/projects/redislabs/redis-cdc-integration-test/bin/../config/redis.keys.
2021-04-17 13:54:48,981 INFO com.redislabs.cdc.integration.test.target.redis.QueryAndCompare [main] Connected to Provider at HikariProxyConnection@1206051975 wrapping ConnectionID:1 ClientConnectionId: eca47a12-315a-437a-ba35-83d616b1f3a3
2021-04-17 13:54:49,244 INFO com.redislabs.cdc.integration.test.target.redis.QueryAndCompare [main] Got 30 rows to process from /home/oren/projects/redislabs/redis-cdc-integration-test/bin/../config/emp-source.json.
2021-04-17 13:54:50,124 INFO com.redislabs.cdc.integration.test.core.IntegrationUtil [main] Connected to target Redis at redis://35.185.69.89:14000
2021-04-17 13:54:51,634 INFO com.redislabs.cdc.integration.test.IntegrationMain [main] Initializing Integration Test Application.
2021-04-17 13:54:54,841 INFO com.redislabs.cdc.integration.test.target.redis.QueryAndCompare [main] Got 30 Redis keys to process from /home/oren/projects/redislabs/redis-cdc-integration-test/bin/../config/redis.keys.
2021-04-17 13:54:55,007 INFO com.redislabs.cdc.integration.test.target.redis.QueryAndCompare [main] Connected to Provider at HikariProxyConnection@1206051975 wrapping ConnectionID:1 ClientConnectionId: c1c7eaad-d2e3-40c7-ae80-d314131862e1
2021-04-17 13:54:55,273 INFO com.redislabs.cdc.integration.test.target.redis.QueryAndCompare [main] Got 30 rows to process from /home/oren/projects/redislabs/redis-cdc-integration-test/bin/../config/emp-source.json.
2021-04-17 13:54:56,154 INFO com.redislabs.cdc.integration.test.core.IntegrationUtil [main] Connected to target Redis at redis://35.185.69.89:14000
2021-04-17 13:55:01,238 INFO com.redislabs.cdc.integration.test.target.redis.QueryAndCompare [main] Going to compare 30 source records to 30 Redis target records.
2021-04-17 13:55:01,241 INFO com.redislabs.cdc.integration.test.target.redis.QueryAndCompare [main] Source and Target records matched. Hooray!
2021-04-17 13:55:01,243 INFO com.redislabs.cdc.integration.test.target.redis.QueryAndCompare [main] Comparison result: true
2021-04-17 13:56:49,373 INFO com.redislabs.cdc.integration.test.IntegrationMain [main] Initializing Integration Test Application.
2021-04-17 13:56:49,768 ERROR com.redislabs.cdc.integration.test.source.rdb.LoadRDB [main] unsupported database type in config: mssqlservers
2021-04-17 13:56:50,769 INFO com.redislabs.cdc.integration.test.target.redis.QueryAndCompare [main] Got 30 Redis keys to process from /home/oren/projects/redislabs/redis-cdc-integration-test/bin/../config/redis.keys.
2021-04-17 13:56:50,773 ERROR com.redislabs.cdc.integration.test.target.redis.QueryAndCompare [main] unsupported database type in config: mssqlservers
2021-04-17 13:56:51,828 INFO com.redislabs.cdc.integration.test.core.IntegrationUtil [main] Connected to target Redis at redis://35.185.69.89:14000
2021-04-17 13:56:57,115 INFO com.redislabs.cdc.integration.test.target.redis.QueryAndCompare [main] Going to compare 30 source records to 30 Redis target records.
2021-04-17 13:56:57,120 INFO com.redislabs.cdc.integration.test.target.redis.QueryAndCompare [main] Source and Target records matched. Hooray!
2021-04-17 13:56:57,123 INFO com.redislabs.cdc.integration.test.target.redis.QueryAndCompare [main] Comparison result: true
2021-04-17 13:57:19,195 INFO com.redislabs.cdc.integration.test.IntegrationMain [main] Initializing Integration Test Application.
2021-04-17 13:57:22,410 INFO com.redislabs.cdc.integration.test.target.redis.QueryAndCompare [main] Got 30 Redis keys to process from /home/oren/projects/redislabs/redis-cdc-integration-test/bin/../config/redis.keys.
2021-04-17 13:57:22,573 INFO com.redislabs.cdc.integration.test.target.redis.QueryAndCompare [main] Connected to Provider at HikariProxyConnection@1206051975 wrapping ConnectionID:1 ClientConnectionId: 603b6512-3c76-499c-9a24-1042b0d20653
2021-04-17 13:57:22,838 INFO com.redislabs.cdc.integration.test.target.redis.QueryAndCompare [main] Got 30 rows to process from /home/oren/projects/redislabs/redis-cdc-integration-test/bin/../config/emp-source.json.
2021-04-17 13:57:23,712 INFO com.redislabs.cdc.integration.test.core.IntegrationUtil [main] Connected to target Redis at redis://35.185.69.89:14000
2021-04-17 13:57:28,528 INFO com.redislabs.cdc.integration.test.target.redis.QueryAndCompare [main] Going to compare 30 source records to 30 Redis target records.
2021-04-17 13:57:28,534 INFO com.redislabs.cdc.integration.test.target.redis.QueryAndCompare [main] Source and Target records matched. Hooray!
2021-04-17 13:57:28,537 INFO com.redislabs.cdc.integration.test.target.redis.QueryAndCompare [main] Comparison result: true
2021-04-17 13:58:28,899 INFO com.redislabs.cdc.integration.test.IntegrationMain [main] Initializing Integration Test Application.
2021-04-17 13:59:05,357 INFO com.redislabs.cdc.integration.test.IntegrationMain [main] Initializing Integration Test Application.
2021-04-17 13:59:08,633 INFO com.redislabs.cdc.integration.test.target.redis.QueryAndCompare [main] Got 30 Redis keys to process from /home/oren/projects/redislabs/redis-cdc-integration-test/bin/../config/redis.keys.
2021-04-17 13:59:08,795 INFO com.redislabs.cdc.integration.test.target.redis.QueryAndCompare [main] Connected to Provider at HikariProxyConnection@1206051975 wrapping ConnectionID:1 ClientConnectionId: 776de4c8-37c1-41ac-8d91-f30894fa77d9
2021-04-17 13:59:09,063 INFO com.redislabs.cdc.integration.test.target.redis.QueryAndCompare [main] Got 30 rows to process from /home/oren/projects/redislabs/redis-cdc-integration-test/bin/../config/emp-source.json.
2021-04-17 13:59:09,964 INFO com.redislabs.cdc.integration.test.core.IntegrationUtil [main] Connected to target Redis at redis://35.185.69.89:14000
2021-04-17 13:59:15,024 INFO com.redislabs.cdc.integration.test.target.redis.QueryAndCompare [main] Going to compare 30 source records to 30 Redis target records.
2021-04-17 13:59:15,030 INFO com.redislabs.cdc.integration.test.target.redis.QueryAndCompare [main] Source and Target records matched. Hooray!
2021-04-17 13:59:15,033 INFO com.redislabs.cdc.integration.test.target.redis.QueryAndCompare [main] Comparison result: true
2021-04-17 14:00:30,731 INFO com.redislabs.cdc.integration.test.IntegrationMain [main] Initializing Integration Test Application.
2021-04-17 14:01:01,723 ERROR com.zaxxer.hikari.pool.HikariPool [main] RedisLabsCDC - Exception during pool initialization.
com.microsoft.sqlserver.jdbc.SQLServerException: The TCP/IP connection to the host localhost, port 1433 has failed. Error: "Connection refused (Connection refused). Verify the connection properties. Make sure that an instance of SQL Server is running on the host and accepting TCP/IP connections at the port. Make sure that TCP connections to the port are not blocked by a firewall.".
	at com.microsoft.sqlserver.jdbc.SQLServerException.makeFromDriverError(SQLServerException.java:234)
	at com.microsoft.sqlserver.jdbc.SQLServerException.ConvertConnectExceptionToSQLServerException(SQLServerException.java:285)
	at com.microsoft.sqlserver.jdbc.SocketFinder.findSocket(IOBuffer.java:2434)
	at com.microsoft.sqlserver.jdbc.TDSChannel.open(IOBuffer.java:659)
	at com.microsoft.sqlserver.jdbc.SQLServerConnection.connectHelper(SQLServerConnection.java:2546)
	at com.microsoft.sqlserver.jdbc.SQLServerConnection.login(SQLServerConnection.java:2216)
	at com.microsoft.sqlserver.jdbc.SQLServerConnection.connectInternal(SQLServerConnection.java:2067)
	at com.microsoft.sqlserver.jdbc.SQLServerConnection.connect(SQLServerConnection.java:1204)
	at com.microsoft.sqlserver.jdbc.SQLServerDriver.connect(SQLServerDriver.java:825)
	at com.zaxxer.hikari.util.DriverDataSource.getConnection(DriverDataSource.java:138)
	at com.zaxxer.hikari.pool.PoolBase.newConnection(PoolBase.java:364)
	at com.zaxxer.hikari.pool.PoolBase.newPoolEntry(PoolBase.java:206)
	at com.zaxxer.hikari.pool.HikariPool.createPoolEntry(HikariPool.java:476)
	at com.zaxxer.hikari.pool.HikariPool.checkFailFast(HikariPool.java:561)
	at com.zaxxer.hikari.pool.HikariPool.<init>(HikariPool.java:115)
	at com.zaxxer.hikari.HikariDataSource.<init>(HikariDataSource.java:81)
	at com.redislabs.cdc.integration.test.connections.JDBCConnectionProvider.getConnection(JDBCConnectionProvider.java:54)
	at com.redislabs.cdc.integration.test.source.rdb.LoadRDB.run(LoadRDB.java:49)
	at com.redislabs.cdc.integration.test.target.redis.QueryAndCompare.compareSourceAndTargetJson(QueryAndCompare.java:65)
	at com.redislabs.cdc.integration.test.target.redis.QueryAndCompare.run(QueryAndCompare.java:58)
	at picocli.CommandLine.executeUserObject(CommandLine.java:1939)
	at picocli.CommandLine.access$1300(CommandLine.java:145)
	at picocli.CommandLine$RunLast.executeUserObjectOfLastSubcommandWithSameParent(CommandLine.java:2352)
	at picocli.CommandLine$RunLast.handle(CommandLine.java:2346)
	at picocli.CommandLine$RunLast.handle(CommandLine.java:2311)
	at picocli.CommandLine$AbstractParseResultHandler.execute(CommandLine.java:2179)
	at com.redislabs.cdc.integration.test.IntegrationApp.executionStrategy(IntegrationApp.java:18)
	at picocli.CommandLine.execute(CommandLine.java:2078)
	at com.redislabs.cdc.integration.test.IntegrationApp.execute(IntegrationApp.java:22)
	at com.redislabs.cdc.integration.test.IntegrationMain.main(IntegrationMain.java:12)
2021-04-17 14:01:01,732 ERROR com.redislabs.cdc.integration.test.source.rdb.LoadRDB [main] Failed to initialize pool: The TCP/IP connection to the host localhost, port 1433 has failed. Error: "Connection refused (Connection refused). Verify the connection properties. Make sure that an instance of SQL Server is running on the host and accepting TCP/IP connections at the port. Make sure that TCP connections to the port are not blocked by a firewall.".
2021-04-17 14:01:02,734 INFO com.redislabs.cdc.integration.test.target.redis.QueryAndCompare [main] Got 30 Redis keys to process from /home/oren/projects/redislabs/redis-cdc-integration-test/bin/../config/redis.keys.
2021-04-17 14:01:33,283 ERROR com.zaxxer.hikari.pool.HikariPool [main] RedisLabsCDC - Exception during pool initialization.
com.microsoft.sqlserver.jdbc.SQLServerException: The TCP/IP connection to the host localhost, port 1433 has failed. Error: "Connection refused (Connection refused). Verify the connection properties. Make sure that an instance of SQL Server is running on the host and accepting TCP/IP connections at the port. Make sure that TCP connections to the port are not blocked by a firewall.".
	at com.microsoft.sqlserver.jdbc.SQLServerException.makeFromDriverError(SQLServerException.java:234)
	at com.microsoft.sqlserver.jdbc.SQLServerException.ConvertConnectExceptionToSQLServerException(SQLServerException.java:285)
	at com.microsoft.sqlserver.jdbc.SocketFinder.findSocket(IOBuffer.java:2434)
	at com.microsoft.sqlserver.jdbc.TDSChannel.open(IOBuffer.java:659)
	at com.microsoft.sqlserver.jdbc.SQLServerConnection.connectHelper(SQLServerConnection.java:2546)
	at com.microsoft.sqlserver.jdbc.SQLServerConnection.login(SQLServerConnection.java:2216)
	at com.microsoft.sqlserver.jdbc.SQLServerConnection.connectInternal(SQLServerConnection.java:2067)
	at com.microsoft.sqlserver.jdbc.SQLServerConnection.connect(SQLServerConnection.java:1204)
	at com.microsoft.sqlserver.jdbc.SQLServerDriver.connect(SQLServerDriver.java:825)
	at com.zaxxer.hikari.util.DriverDataSource.getConnection(DriverDataSource.java:138)
	at com.zaxxer.hikari.pool.PoolBase.newConnection(PoolBase.java:364)
	at com.zaxxer.hikari.pool.PoolBase.newPoolEntry(PoolBase.java:206)
	at com.zaxxer.hikari.pool.HikariPool.createPoolEntry(HikariPool.java:476)
	at com.zaxxer.hikari.pool.HikariPool.checkFailFast(HikariPool.java:561)
	at com.zaxxer.hikari.pool.HikariPool.<init>(HikariPool.java:115)
	at com.zaxxer.hikari.HikariDataSource.<init>(HikariDataSource.java:81)
	at com.redislabs.cdc.integration.test.connections.JDBCConnectionProvider.getConnection(JDBCConnectionProvider.java:54)
	at com.redislabs.cdc.integration.test.target.redis.QueryAndCompare.getSqlData(QueryAndCompare.java:171)
	at com.redislabs.cdc.integration.test.target.redis.QueryAndCompare.createSourceJson(QueryAndCompare.java:131)
	at com.redislabs.cdc.integration.test.target.redis.QueryAndCompare.compareSourceAndTargetJson(QueryAndCompare.java:80)
	at com.redislabs.cdc.integration.test.target.redis.QueryAndCompare.run(QueryAndCompare.java:58)
	at picocli.CommandLine.executeUserObject(CommandLine.java:1939)
	at picocli.CommandLine.access$1300(CommandLine.java:145)
	at picocli.CommandLine$RunLast.executeUserObjectOfLastSubcommandWithSameParent(CommandLine.java:2352)
	at picocli.CommandLine$RunLast.handle(CommandLine.java:2346)
	at picocli.CommandLine$RunLast.handle(CommandLine.java:2311)
	at picocli.CommandLine$AbstractParseResultHandler.execute(CommandLine.java:2179)
	at com.redislabs.cdc.integration.test.IntegrationApp.executionStrategy(IntegrationApp.java:18)
	at picocli.CommandLine.execute(CommandLine.java:2078)
	at com.redislabs.cdc.integration.test.IntegrationApp.execute(IntegrationApp.java:22)
	at com.redislabs.cdc.integration.test.IntegrationMain.main(IntegrationMain.java:12)
2021-04-17 14:01:33,285 ERROR com.redislabs.cdc.integration.test.target.redis.QueryAndCompare [main] Failed to initialize pool: The TCP/IP connection to the host localhost, port 1433 has failed. Error: "Connection refused (Connection refused). Verify the connection properties. Make sure that an instance of SQL Server is running on the host and accepting TCP/IP connections at the port. Make sure that TCP connections to the port are not blocked by a firewall.".
2021-04-17 14:01:34,276 INFO com.redislabs.cdc.integration.test.core.IntegrationUtil [main] Connected to target Redis at redis://35.185.69.89:14000
2021-04-17 14:01:39,090 INFO com.redislabs.cdc.integration.test.target.redis.QueryAndCompare [main] Going to compare 30 source records to 30 Redis target records.
2021-04-17 14:01:39,093 INFO com.redislabs.cdc.integration.test.target.redis.QueryAndCompare [main] Source and Target records matched. Hooray!
2021-04-17 14:01:39,094 INFO com.redislabs.cdc.integration.test.target.redis.QueryAndCompare [main] Comparison result: true
2021-04-17 14:02:03,071 INFO com.redislabs.cdc.integration.test.IntegrationMain [main] Initializing Integration Test Application.
2021-04-17 14:02:34,066 ERROR com.zaxxer.hikari.pool.HikariPool [main] RedisLabsCDC - Exception during pool initialization.
com.microsoft.sqlserver.jdbc.SQLServerException: The TCP/IP connection to the host localhost, port 1433 has failed. Error: "Connection refused (Connection refused). Verify the connection properties. Make sure that an instance of SQL Server is running on the host and accepting TCP/IP connections at the port. Make sure that TCP connections to the port are not blocked by a firewall.".
	at com.microsoft.sqlserver.jdbc.SQLServerException.makeFromDriverError(SQLServerException.java:234)
	at com.microsoft.sqlserver.jdbc.SQLServerException.ConvertConnectExceptionToSQLServerException(SQLServerException.java:285)
	at com.microsoft.sqlserver.jdbc.SocketFinder.findSocket(IOBuffer.java:2434)
	at com.microsoft.sqlserver.jdbc.TDSChannel.open(IOBuffer.java:659)
	at com.microsoft.sqlserver.jdbc.SQLServerConnection.connectHelper(SQLServerConnection.java:2546)
	at com.microsoft.sqlserver.jdbc.SQLServerConnection.login(SQLServerConnection.java:2216)
	at com.microsoft.sqlserver.jdbc.SQLServerConnection.connectInternal(SQLServerConnection.java:2067)
	at com.microsoft.sqlserver.jdbc.SQLServerConnection.connect(SQLServerConnection.java:1204)
	at com.microsoft.sqlserver.jdbc.SQLServerDriver.connect(SQLServerDriver.java:825)
	at com.zaxxer.hikari.util.DriverDataSource.getConnection(DriverDataSource.java:138)
	at com.zaxxer.hikari.pool.PoolBase.newConnection(PoolBase.java:364)
	at com.zaxxer.hikari.pool.PoolBase.newPoolEntry(PoolBase.java:206)
	at com.zaxxer.hikari.pool.HikariPool.createPoolEntry(HikariPool.java:476)
	at com.zaxxer.hikari.pool.HikariPool.checkFailFast(HikariPool.java:561)
	at com.zaxxer.hikari.pool.HikariPool.<init>(HikariPool.java:115)
	at com.zaxxer.hikari.HikariDataSource.<init>(HikariDataSource.java:81)
	at com.redislabs.cdc.integration.test.connections.JDBCConnectionProvider.getConnection(JDBCConnectionProvider.java:55)
	at com.redislabs.cdc.integration.test.source.rdb.LoadRDB.run(LoadRDB.java:49)
	at com.redislabs.cdc.integration.test.target.redis.QueryAndCompare.compareSourceAndTargetJson(QueryAndCompare.java:65)
	at com.redislabs.cdc.integration.test.target.redis.QueryAndCompare.run(QueryAndCompare.java:58)
	at picocli.CommandLine.executeUserObject(CommandLine.java:1939)
	at picocli.CommandLine.access$1300(CommandLine.java:145)
	at picocli.CommandLine$RunLast.executeUserObjectOfLastSubcommandWithSameParent(CommandLine.java:2352)
	at picocli.CommandLine$RunLast.handle(CommandLine.java:2346)
	at picocli.CommandLine$RunLast.handle(CommandLine.java:2311)
	at picocli.CommandLine$AbstractParseResultHandler.execute(CommandLine.java:2179)
	at com.redislabs.cdc.integration.test.IntegrationApp.executionStrategy(IntegrationApp.java:18)
	at picocli.CommandLine.execute(CommandLine.java:2078)
	at com.redislabs.cdc.integration.test.IntegrationApp.execute(IntegrationApp.java:22)
	at com.redislabs.cdc.integration.test.IntegrationMain.main(IntegrationMain.java:12)
2021-04-17 14:02:34,075 ERROR com.redislabs.cdc.integration.test.source.rdb.LoadRDB [main] Failed to initialize pool: The TCP/IP connection to the host localhost, port 1433 has failed. Error: "Connection refused (Connection refused). Verify the connection properties. Make sure that an instance of SQL Server is running on the host and accepting TCP/IP connections at the port. Make sure that TCP connections to the port are not blocked by a firewall.".
2021-04-17 14:02:35,077 INFO com.redislabs.cdc.integration.test.target.redis.QueryAndCompare [main] Got 30 Redis keys to process from /home/oren/projects/redislabs/redis-cdc-integration-test/bin/../config/redis.keys.
2021-04-17 14:03:05,628 ERROR com.zaxxer.hikari.pool.HikariPool [main] RedisLabsCDC - Exception during pool initialization.
com.microsoft.sqlserver.jdbc.SQLServerException: The TCP/IP connection to the host localhost, port 1433 has failed. Error: "Connection refused (Connection refused). Verify the connection properties. Make sure that an instance of SQL Server is running on the host and accepting TCP/IP connections at the port. Make sure that TCP connections to the port are not blocked by a firewall.".
	at com.microsoft.sqlserver.jdbc.SQLServerException.makeFromDriverError(SQLServerException.java:234)
	at com.microsoft.sqlserver.jdbc.SQLServerException.ConvertConnectExceptionToSQLServerException(SQLServerException.java:285)
	at com.microsoft.sqlserver.jdbc.SocketFinder.findSocket(IOBuffer.java:2434)
	at com.microsoft.sqlserver.jdbc.TDSChannel.open(IOBuffer.java:659)
	at com.microsoft.sqlserver.jdbc.SQLServerConnection.connectHelper(SQLServerConnection.java:2546)
	at com.microsoft.sqlserver.jdbc.SQLServerConnection.login(SQLServerConnection.java:2216)
	at com.microsoft.sqlserver.jdbc.SQLServerConnection.connectInternal(SQLServerConnection.java:2067)
	at com.microsoft.sqlserver.jdbc.SQLServerConnection.connect(SQLServerConnection.java:1204)
	at com.microsoft.sqlserver.jdbc.SQLServerDriver.connect(SQLServerDriver.java:825)
	at com.zaxxer.hikari.util.DriverDataSource.getConnection(DriverDataSource.java:138)
	at com.zaxxer.hikari.pool.PoolBase.newConnection(PoolBase.java:364)
	at com.zaxxer.hikari.pool.PoolBase.newPoolEntry(PoolBase.java:206)
	at com.zaxxer.hikari.pool.HikariPool.createPoolEntry(HikariPool.java:476)
	at com.zaxxer.hikari.pool.HikariPool.checkFailFast(HikariPool.java:561)
	at com.zaxxer.hikari.pool.HikariPool.<init>(HikariPool.java:115)
	at com.zaxxer.hikari.HikariDataSource.<init>(HikariDataSource.java:81)
	at com.redislabs.cdc.integration.test.connections.JDBCConnectionProvider.getConnection(JDBCConnectionProvider.java:55)
	at com.redislabs.cdc.integration.test.target.redis.QueryAndCompare.getSqlData(QueryAndCompare.java:171)
	at com.redislabs.cdc.integration.test.target.redis.QueryAndCompare.createSourceJson(QueryAndCompare.java:131)
	at com.redislabs.cdc.integration.test.target.redis.QueryAndCompare.compareSourceAndTargetJson(QueryAndCompare.java:80)
	at com.redislabs.cdc.integration.test.target.redis.QueryAndCompare.run(QueryAndCompare.java:58)
	at picocli.CommandLine.executeUserObject(CommandLine.java:1939)
	at picocli.CommandLine.access$1300(CommandLine.java:145)
	at picocli.CommandLine$RunLast.executeUserObjectOfLastSubcommandWithSameParent(CommandLine.java:2352)
	at picocli.CommandLine$RunLast.handle(CommandLine.java:2346)
	at picocli.CommandLine$RunLast.handle(CommandLine.java:2311)
	at picocli.CommandLine$AbstractParseResultHandler.execute(CommandLine.java:2179)
	at com.redislabs.cdc.integration.test.IntegrationApp.executionStrategy(IntegrationApp.java:18)
	at picocli.CommandLine.execute(CommandLine.java:2078)
	at com.redislabs.cdc.integration.test.IntegrationApp.execute(IntegrationApp.java:22)
	at com.redislabs.cdc.integration.test.IntegrationMain.main(IntegrationMain.java:12)
2021-04-17 14:03:05,629 ERROR com.redislabs.cdc.integration.test.target.redis.QueryAndCompare [main] Failed to initialize pool: The TCP/IP connection to the host localhost, port 1433 has failed. Error: "Connection refused (Connection refused). Verify the connection properties. Make sure that an instance of SQL Server is running on the host and accepting TCP/IP connections at the port. Make sure that TCP connections to the port are not blocked by a firewall.".
2021-04-17 14:03:06,607 INFO com.redislabs.cdc.integration.test.core.IntegrationUtil [main] Connected to target Redis at redis://35.185.69.89:14000
2021-04-17 14:03:11,624 INFO com.redislabs.cdc.integration.test.target.redis.QueryAndCompare [main] Going to compare 30 source records to 30 Redis target records.
2021-04-17 14:03:11,630 INFO com.redislabs.cdc.integration.test.target.redis.QueryAndCompare [main] Source and Target records matched. Hooray!
2021-04-17 14:03:11,634 INFO com.redislabs.cdc.integration.test.target.redis.QueryAndCompare [main] Comparison result: true
2021-04-17 14:38:07,962 INFO com.redislabs.cdc.integration.test.IntegrationMain [main] Initializing Integration Test Application.
2021-04-17 14:38:38,956 ERROR com.zaxxer.hikari.pool.HikariPool [main] RedisLabsCDC - Exception during pool initialization.
com.microsoft.sqlserver.jdbc.SQLServerException: The TCP/IP connection to the host localhost, port 1433 has failed. Error: "Connection refused (Connection refused). Verify the connection properties. Make sure that an instance of SQL Server is running on the host and accepting TCP/IP connections at the port. Make sure that TCP connections to the port are not blocked by a firewall.".
	at com.microsoft.sqlserver.jdbc.SQLServerException.makeFromDriverError(SQLServerException.java:234)
	at com.microsoft.sqlserver.jdbc.SQLServerException.ConvertConnectExceptionToSQLServerException(SQLServerException.java:285)
	at com.microsoft.sqlserver.jdbc.SocketFinder.findSocket(IOBuffer.java:2434)
	at com.microsoft.sqlserver.jdbc.TDSChannel.open(IOBuffer.java:659)
	at com.microsoft.sqlserver.jdbc.SQLServerConnection.connectHelper(SQLServerConnection.java:2546)
	at com.microsoft.sqlserver.jdbc.SQLServerConnection.login(SQLServerConnection.java:2216)
	at com.microsoft.sqlserver.jdbc.SQLServerConnection.connectInternal(SQLServerConnection.java:2067)
	at com.microsoft.sqlserver.jdbc.SQLServerConnection.connect(SQLServerConnection.java:1204)
	at com.microsoft.sqlserver.jdbc.SQLServerDriver.connect(SQLServerDriver.java:825)
	at com.zaxxer.hikari.util.DriverDataSource.getConnection(DriverDataSource.java:138)
	at com.zaxxer.hikari.pool.PoolBase.newConnection(PoolBase.java:364)
	at com.zaxxer.hikari.pool.PoolBase.newPoolEntry(PoolBase.java:206)
	at com.zaxxer.hikari.pool.HikariPool.createPoolEntry(HikariPool.java:476)
	at com.zaxxer.hikari.pool.HikariPool.checkFailFast(HikariPool.java:561)
	at com.zaxxer.hikari.pool.HikariPool.<init>(HikariPool.java:115)
	at com.zaxxer.hikari.HikariDataSource.<init>(HikariDataSource.java:81)
	at com.redislabs.cdc.integration.test.connections.JDBCConnectionProvider.getConnection(JDBCConnectionProvider.java:55)
	at com.redislabs.cdc.integration.test.source.rdb.LoadRDB.run(LoadRDB.java:49)
	at com.redislabs.cdc.integration.test.target.redis.QueryAndCompare.compareSourceAndTargetJson(QueryAndCompare.java:65)
	at com.redislabs.cdc.integration.test.target.redis.QueryAndCompare.run(QueryAndCompare.java:58)
	at picocli.CommandLine.executeUserObject(CommandLine.java:1939)
	at picocli.CommandLine.access$1300(CommandLine.java:145)
	at picocli.CommandLine$RunLast.executeUserObjectOfLastSubcommandWithSameParent(CommandLine.java:2352)
	at picocli.CommandLine$RunLast.handle(CommandLine.java:2346)
	at picocli.CommandLine$RunLast.handle(CommandLine.java:2311)
	at picocli.CommandLine$AbstractParseResultHandler.execute(CommandLine.java:2179)
	at com.redislabs.cdc.integration.test.IntegrationApp.executionStrategy(IntegrationApp.java:18)
	at picocli.CommandLine.execute(CommandLine.java:2078)
	at com.redislabs.cdc.integration.test.IntegrationApp.execute(IntegrationApp.java:22)
	at com.redislabs.cdc.integration.test.IntegrationMain.main(IntegrationMain.java:12)
2021-04-17 14:38:38,965 ERROR com.redislabs.cdc.integration.test.source.rdb.LoadRDB [main] Failed to initialize pool: The TCP/IP connection to the host localhost, port 1433 has failed. Error: "Connection refused (Connection refused). Verify the connection properties. Make sure that an instance of SQL Server is running on the host and accepting TCP/IP connections at the port. Make sure that TCP connections to the port are not blocked by a firewall.".
2021-04-17 14:38:39,971 INFO com.redislabs.cdc.integration.test.target.redis.QueryAndCompare [main] Got 30 Redis keys to process from /home/oren/projects/redislabs/redis-cdc-integration-test/bin/../config/redis.keys.
2021-04-17 14:39:10,524 ERROR com.zaxxer.hikari.pool.HikariPool [main] RedisLabsCDC - Exception during pool initialization.
com.microsoft.sqlserver.jdbc.SQLServerException: The TCP/IP connection to the host localhost, port 1433 has failed. Error: "Connection refused (Connection refused). Verify the connection properties. Make sure that an instance of SQL Server is running on the host and accepting TCP/IP connections at the port. Make sure that TCP connections to the port are not blocked by a firewall.".
	at com.microsoft.sqlserver.jdbc.SQLServerException.makeFromDriverError(SQLServerException.java:234)
	at com.microsoft.sqlserver.jdbc.SQLServerException.ConvertConnectExceptionToSQLServerException(SQLServerException.java:285)
	at com.microsoft.sqlserver.jdbc.SocketFinder.findSocket(IOBuffer.java:2434)
	at com.microsoft.sqlserver.jdbc.TDSChannel.open(IOBuffer.java:659)
	at com.microsoft.sqlserver.jdbc.SQLServerConnection.connectHelper(SQLServerConnection.java:2546)
	at com.microsoft.sqlserver.jdbc.SQLServerConnection.login(SQLServerConnection.java:2216)
	at com.microsoft.sqlserver.jdbc.SQLServerConnection.connectInternal(SQLServerConnection.java:2067)
	at com.microsoft.sqlserver.jdbc.SQLServerConnection.connect(SQLServerConnection.java:1204)
	at com.microsoft.sqlserver.jdbc.SQLServerDriver.connect(SQLServerDriver.java:825)
	at com.zaxxer.hikari.util.DriverDataSource.getConnection(DriverDataSource.java:138)
	at com.zaxxer.hikari.pool.PoolBase.newConnection(PoolBase.java:364)
	at com.zaxxer.hikari.pool.PoolBase.newPoolEntry(PoolBase.java:206)
	at com.zaxxer.hikari.pool.HikariPool.createPoolEntry(HikariPool.java:476)
	at com.zaxxer.hikari.pool.HikariPool.checkFailFast(HikariPool.java:561)
	at com.zaxxer.hikari.pool.HikariPool.<init>(HikariPool.java:115)
	at com.zaxxer.hikari.HikariDataSource.<init>(HikariDataSource.java:81)
	at com.redislabs.cdc.integration.test.connections.JDBCConnectionProvider.getConnection(JDBCConnectionProvider.java:55)
	at com.redislabs.cdc.integration.test.target.redis.QueryAndCompare.getSqlData(QueryAndCompare.java:171)
	at com.redislabs.cdc.integration.test.target.redis.QueryAndCompare.createSourceJson(QueryAndCompare.java:131)
	at com.redislabs.cdc.integration.test.target.redis.QueryAndCompare.compareSourceAndTargetJson(QueryAndCompare.java:80)
	at com.redislabs.cdc.integration.test.target.redis.QueryAndCompare.run(QueryAndCompare.java:58)
	at picocli.CommandLine.executeUserObject(CommandLine.java:1939)
	at picocli.CommandLine.access$1300(CommandLine.java:145)
	at picocli.CommandLine$RunLast.executeUserObjectOfLastSubcommandWithSameParent(CommandLine.java:2352)
	at picocli.CommandLine$RunLast.handle(CommandLine.java:2346)
	at picocli.CommandLine$RunLast.handle(CommandLine.java:2311)
	at picocli.CommandLine$AbstractParseResultHandler.execute(CommandLine.java:2179)
	at com.redislabs.cdc.integration.test.IntegrationApp.executionStrategy(IntegrationApp.java:18)
	at picocli.CommandLine.execute(CommandLine.java:2078)
	at com.redislabs.cdc.integration.test.IntegrationApp.execute(IntegrationApp.java:22)
	at com.redislabs.cdc.integration.test.IntegrationMain.main(IntegrationMain.java:12)
2021-04-17 14:39:10,525 ERROR com.redislabs.cdc.integration.test.target.redis.QueryAndCompare [main] Failed to initialize pool: The TCP/IP connection to the host localhost, port 1433 has failed. Error: "Connection refused (Connection refused). Verify the connection properties. Make sure that an instance of SQL Server is running on the host and accepting TCP/IP connections at the port. Make sure that TCP connections to the port are not blocked by a firewall.".
2021-04-17 14:39:11,523 INFO com.redislabs.cdc.integration.test.core.IntegrationUtil [main] Connected to target Redis at redis://35.185.69.89:14000
2021-04-17 14:39:16,355 INFO com.redislabs.cdc.integration.test.target.redis.QueryAndCompare [main] Going to compare 30 source records to 30 Redis target records.
2021-04-17 14:39:16,357 INFO com.redislabs.cdc.integration.test.target.redis.QueryAndCompare [main] Source and Target records matched. Hooray!
2021-04-17 14:39:16,359 INFO com.redislabs.cdc.integration.test.target.redis.QueryAndCompare [main] Comparison result: true
