"HMSET" "emp:1" "EmployeeNumber" "1" "FirstName" "Minor" "LastName" "Gason" "Job" "Librarian" "Manager" "51" "HireDate" "2018-08-09T19:50:13" "Salary" "159549.35" "Commission" "108505.9" "Department" "57"
"HMSET" "emp:2" "EmployeeNumber" "2" "FirstName" "Rene" "LastName" "McCluskey" "Job" "Data Coordiator" "Manager" "38" "HireDate" "2013-03-31T14:14:55" "Salary" "161820.83" "Commission" "152904.26" "Department" "88"
"HMSET" "emp:3" "EmployeeNumber" "3" "FirstName" "Emera" "LastName" "Govey" "Job" "BusinessSystemsDevelopmentAnalyst" "Manager" "92" "HireDate" "2017-09-09T10:07:56" "Salary" "146067.87" "Commission" "138425.93" "Department" "23"
"HMSET" "emp:4" "EmployeeNumber" "4" "FirstName" "Rici" "LastName" "Guiraud" "Job" "CivilEngineer" "Manager" "78" "HireDate" "2010-08-25T03:45:38" "Salary" "158513.89" "Commission" "160027.82" "Department" "31"
"HMSET" "emp:5" "EmployeeNumber" "5" "FirstName" "Kirby" "LastName" "Racine" "Job" "SeniorCostAccountant" "Manager" "82" "HireDate" "2017-04-11T13:46:57" "Salary" "121428.59" "Commission" "149091.71" "Department" "66"
"HMSET" "emp:6" "EmployeeNumber" "6" "FirstName" "Leontine" "LastName" "Tilio" "Job" "DesignEngineer" "Manager" "32" "HireDate" "2019-08-25T16:41:22" "Salary" "182699.36" "Commission" "174019.68" "Department" "69"
"HMSET" "emp:7" "EmployeeNumber" "7" "FirstName" "Benedict" "LastName" "Scaysbrook" "Job" "MediaManagerIV" "Manager" "24" "HireDate" "2010-01-26T15:37:54" "Salary" "138309.66" "Commission" "153465.49" "Department" "74"
"HMSET" "emp:8" "EmployeeNumber" "8" "FirstName" "Gaby" "LastName" "Lingner" "Job" "StatisticianII" "Manager" "47" "HireDate" "2018-10-24T20:17:39" "Salary" "107163.75" "Commission" "175673.22" "Department" "75"
"HMSET" "emp:9" "EmployeeNumber" "9" "FirstName" "Anjanette" "LastName" "Varty" "Job" "FoodChemist" "Manager" "71" "HireDate" "2009-05-29T12:48:54" "Salary" "183921.19" "Commission" "132144.6" "Department" "20"
"HMSET" "emp:10" "EmployeeNumber" "10" "FirstName" "Melina" "LastName" "Simester" "Job" "FoodChemist" "Manager" "31" "HireDate" "2020-06-05T12:10:20" "Salary" "136660.63" "Commission" "102345.86" "Department" "47"
"HMSET" "emp:11" "EmployeeNumber" "11" "FirstName" "Carol" "LastName" "Bridywater" "Job" "BusinessSystemsDevelopmentAnalyst" "Manager" "96" "HireDate" "2016-04-26T12:41:09" "Salary" "143259.9" "Commission" "147895.46" "Department" "88"
"HMSET" "emp:12" "EmployeeNumber" "12" "FirstName" "Jamey" "LastName" "Cow" "Job" "InternalAuditor" "Manager" "52" "HireDate" "2014-12-12T13:53:11" "Salary" "117768.87" "Commission" "168198.37" "Department" "73"
"HMSET" "emp:13" "EmployeeNumber" "13" "FirstName" "Joann" "LastName" "Djurkovic" "Job" "JuniorExecutive" "Manager" "25" "HireDate" "2010-03-02T07:41:14" "Salary" "146491.92" "Commission" "104419.82" "Department" "72"
"HMSET" "emp:14" "EmployeeNumber" "14" "FirstName" "Roland" "LastName" "Maier" "Job" "AnalogCircuitDesignmanager" "Manager" "13" "HireDate" "2009-04-22T12:32:20" "Salary" "164379.24" "Commission" "152217.06" "Department" "22"
"HMSET" "emp:15" "EmployeeNumber" "15" "FirstName" "Kristin" "LastName" "Wines" "Job" "SeniorSalesAssociate" "Manager" "71" "HireDate" "2014-06-16T12:47:12" "Salary" "140179.58" "Commission" "126402.24" "Department" "62"
"HMSET" "emp:16" "EmployeeNumber" "16" "FirstName" "Fonsie" "LastName" "Stenhouse" "Job" "VPAccounting" "Manager" "20" "HireDate" "2009-06-09T18:24:29" "Salary" "184067.9" "Commission" "126227.59" "Department" "89"
"HMSET" "emp:17" "EmployeeNumber" "17" "FirstName" "Louisa" "LastName" "Skews" "Job" "SeniorFinancialAnalyst" "Manager" "71" "HireDate" "2019-04-13T09:31:55" "Salary" "152628.02" "Commission" "165244.51" "Department" "63"
"HMSET" "emp:18" "EmployeeNumber" "18" "FirstName" "Saree" "LastName" "Kermitt" "Job" "InformationSystemsManager" "Manager" "72" "HireDate" "2019-07-05T00:48:48" "Salary" "155706.58" "Commission" "137935.45" "Department" "49"
"HMSET" "emp:19" "EmployeeNumber" "19" "FirstName" "Liana" "LastName" "Toovey" "Job" "ElectricalEngineer" "Manager" "85" "HireDate" "2018-11-06T05:25:17" "Salary" "149043.45" "Commission" "114411.61" "Department" "73"
"HMSET" "emp:20" "EmployeeNumber" "20" "FirstName" "Dewain" "LastName" "Custy" "Job" "SalesAssociate" "Manager" "52" "HireDate" "2011-03-21T07:15:32" "Salary" "102111.73" "Commission" "142994.91" "Department" "35"
"HMSET" "emp:21" "EmployeeNumber" "21" "FirstName" "Nerta" "LastName" "Martensen" "Job" "ChemicalEngineer" "Manager" "62" "HireDate" "2019-06-29T07:28:30" "Salary" "132658.13" "Commission" "164063.86" "Department" "71"
"HMSET" "emp:22" "EmployeeNumber" "22" "FirstName" "Martin" "LastName" "Oake" "Job" "GraphicDesigner" "Manager" "80" "HireDate" "2014-01-22T03:14:12" "Salary" "113325.89" "Commission" "128814.3" "Department" "56"
"HMSET" "emp:23" "EmployeeNumber" "23" "FirstName" "Abram" "LastName" "Arrault" "Job" "VPProductManagement" "Manager" "88" "HireDate" "2017-10-15T05:21:02" "Salary" "180426.77" "Commission" "156720.2" "Department" "98"
"HMSET" "emp:24" "EmployeeNumber" "24" "FirstName" "Pearle" "LastName" "Kynge" "Job" "HelpDeskTechnician" "Manager" "79" "HireDate" "2011-09-30T17:58:53" "Salary" "123645.91" "Commission" "124171.66" "Department" "20"
"HMSET" "emp:25" "EmployeeNumber" "25" "FirstName" "Hyacinthia" "LastName" "Grouse" "Job" "AssociateProfessor" "Manager" "77" "HireDate" "2010-06-29T18:17:55" "Salary" "123870.36" "Commission" "115136.12" "Department" "23"
"HMSET" "emp:26" "EmployeeNumber" "26" "FirstName" "Arluene" "LastName" "Jursch" "Job" "EngineerI" "Manager" "68" "HireDate" "2019-11-18T14:06:43" "Salary" "161601.38" "Commission" "122683.76" "Department" "39"
"HMSET" "emp:27" "EmployeeNumber" "27" "FirstName" "Wilburt" "LastName" "Gulvin" "Job" "RecruitingManager" "Manager" "12" "HireDate" "2009-10-19T09:27:31" "Salary" "106802.43" "Commission" "137593.18" "Department" "99"
"HMSET" "emp:28" "EmployeeNumber" "28" "FirstName" "Jackquelin" "LastName" "Garrettson" "Job" "Nurse" "Manager" "46" "HireDate" "2015-12-01T06:49:18" "Salary" "169192.52" "Commission" "119205.77" "Department" "62"
"HMSET" "emp:29" "EmployeeNumber" "29" "FirstName" "Kathrine" "LastName" "Etheridge" "Job" "SafetyTechnicianI" "Manager" "90" "HireDate" "2016-10-10T18:41:21" "Salary" "121797.01" "Commission" "136098.57" "Department" "24"
"HMSET" "emp:30" "EmployeeNumber" "30" "FirstName" "Harrietta" "LastName" "McIleen" "Job" "Recruiter" "Manager" "55" "HireDate" "2016-11-29T17:19:17" "Salary" "180837.08" "Commission" "160854.7" "Department" "98"
"HMSET" "emp:31" "EmployeeNumber" "31" "FirstName" "Breena" "LastName" "Casley" "Job" "SafetyTechnicianIII" "Manager" "97" "HireDate" "2019-02-20T20:20:27" "Salary" "161809.06" "Commission" "119585.16" "Department" "12"
"HMSET" "emp:32" "EmployeeNumber" "32" "FirstName" "Minna" "LastName" "Harman" "Job" "Nurse" "Manager" "38" "HireDate" "2013-03-28T11:25:08" "Salary" "134069.81" "Commission" "145199.09" "Department" "49"
"HMSET" "emp:33" "EmployeeNumber" "33" "FirstName" "Cecile" "LastName" "Maciejewski" "Job" "SoftwareTestEngineerI" "Manager" "22" "HireDate" "2014-08-10T14:13:47" "Salary" "150250.04" "Commission" "179826.29" "Department" "41"
"HMSET" "emp:34" "EmployeeNumber" "34" "FirstName" "Eb" "LastName" "Iacobassi" "Job" "QualityControlSpecialist" "Manager" "60" "HireDate" "2012-03-04T21:49:09" "Salary" "140146.55" "Commission" "150688.59" "Department" "34"
"HMSET" "emp:35" "EmployeeNumber" "35" "FirstName" "Odie" "LastName" "Cush" "Job" "ExecutiveSecretary" "Manager" "53" "HireDate" "2010-02-21T23:36:04" "Salary" "103262.78" "Commission" "151574.29" "Department" "44"
"HMSET" "emp:36" "EmployeeNumber" "36" "FirstName" "Camella" "LastName" "Ogles" "Job" "LegalAssistant" "Manager" "27" "HireDate" "2018-11-15T02:43:56" "Salary" "152557.9" "Commission" "177082.13" "Department" "57"
"HMSET" "emp:37" "EmployeeNumber" "37" "FirstName" "Curry" "LastName" "Ohanessian" "Job" "HelpDeskOperator" "Manager" "98" "HireDate" "2012-06-26T19:30:07" "Salary" "184929.48" "Commission" "168930.06" "Department" "56"
"HMSET" "emp:38" "EmployeeNumber" "38" "FirstName" "Bartolemo" "LastName" "Petherick" "Job" "VPSales" "Manager" "40" "HireDate" "2020-03-09T00:17:43" "Salary" "118817.53" "Commission" "133284.14" "Department" "57"
"HMSET" "emp:39" "EmployeeNumber" "39" "FirstName" "Bradan" "LastName" "Kubas" "Job" "HumanResourcesManager" "Manager" "85" "HireDate" "2018-02-13T13:19:19" "Salary" "160666.44" "Commission" "101159.83" "Department" "84"
"HMSET" "emp:40" "EmployeeNumber" "40" "FirstName" "Honor" "LastName" "Tarrant" "Job" "DentalHygienist" "Manager" "85" "HireDate" "2015-09-05T14:06:40" "Salary" "128927.17" "Commission" "137859.32" "Department" "96"
"HMSET" "emp:41" "EmployeeNumber" "41" "FirstName" "Benedetto" "LastName" "Robez" "Job" "OccupationalTherapist" "Manager" "33" "HireDate" "2013-09-01T11:18:39" "Salary" "167857.38" "Commission" "110447.49" "Department" "94"
"HMSET" "emp:42" "EmployeeNumber" "42" "FirstName" "Paloma" "LastName" "Fuller" "Job" "AccountExecutive" "Manager" "43" "HireDate" "2013-10-24T15:15:26" "Salary" "121870.4" "Commission" "125640.39" "Department" "49"
"HMSET" "emp:43" "EmployeeNumber" "43" "FirstName" "Antonin" "LastName" "Bulcroft" "Job" "VPQualityControl" "Manager" "66" "HireDate" "2009-12-23T08:05:15" "Salary" "104140.3" "Commission" "172513.69" "Department" "64"
"HMSET" "emp:44" "EmployeeNumber" "44" "FirstName" "Luciana" "LastName" "Luter" "Job" "AnalystProgrammer" "Manager" "81" "HireDate" "2010-10-03T04:29:54" "Salary" "172964.88" "Commission" "102808.48" "Department" "16"
"HMSET" "emp:45" "EmployeeNumber" "45" "FirstName" "Damian" "LastName" "Prate" "Job" "StaffAccountantI" "Manager" "46" "HireDate" "2016-08-23T19:26:15" "Salary" "180786.74" "Commission" "127632.7" "Department" "36"
"HMSET" "emp:46" "EmployeeNumber" "46" "FirstName" "Deni" "LastName" "Crone" "Job" "AnalystProgrammer" "Manager" "45" "HireDate" "2009-05-02T19:11:52" "Salary" "160053.25" "Commission" "159653.8" "Department" "48"
"HMSET" "emp:47" "EmployeeNumber" "47" "FirstName" "Dunc" "LastName" "Pidcock" "Job" "AdministrativeOfficer" "Manager" "62" "HireDate" "2013-10-03T17:27:48" "Salary" "133724.54" "Commission" "150696.87" "Department" "13"
"HMSET" "emp:48" "EmployeeNumber" "48" "FirstName" "Lorry" "LastName" "Keitley" "Job" "SalesAssociate" "Manager" "70" "HireDate" "2020-02-05T08:09:43" "Salary" "170358.71" "Commission" "180690.03" "Department" "23"
"HMSET" "emp:49" "EmployeeNumber" "49" "FirstName" "Trescha" "LastName" "Phillcox" "Job" "SystemsAdministratorIII" "Manager" "80" "HireDate" "2012-01-07T20:39:31" "Salary" "148432.76" "Commission" "105733.17" "Department" "24"
"HMSET" "emp:50" "EmployeeNumber" "50" "FirstName" "Maggee" "LastName" "Kirkham" "Job" "HumanResourcesManager" "Manager" "80" "HireDate" "2012-12-11T06:17:47" "Salary" "101196.2" "Commission" "165836.77" "Department" "68"
"HMSET" "emp:3" "EmployeeNumber" "3" "FirstName" "Emera" "LastName" "Govey" "Job" "BusinessSystemsDevelopmentAnalyst" "Manager" "92" "HireDate" "2017-09-09T10:07:56" "Salary" "100000.0" "Commission" "138425.93" "Department" "23"
"HMSET" "emp:30" "EmployeeNumber" "30" "FirstName" "Harrietta" "LastName" "McIleen" "Job" "Recruiter" "Manager" "55" "HireDate" "2016-11-29T17:19:17" "Salary" "100000.0" "Commission" "160854.7" "Department" "98"
"HMSET" "emp:31" "EmployeeNumber" "31" "FirstName" "Breena" "LastName" "Casley" "Job" "SafetyTechnicianIII" "Manager" "97" "HireDate" "2019-02-20T20:20:27" "Salary" "100000.0" "Commission" "119585.16" "Department" "12"
"HMSET" "emp:32" "EmployeeNumber" "32" "FirstName" "Minna" "LastName" "Harman" "Job" "Nurse" "Manager" "38" "HireDate" "2013-03-28T11:25:08" "Salary" "100000.0" "Commission" "145199.09" "Department" "49"
"HMSET" "emp:33" "EmployeeNumber" "33" "FirstName" "Cecile" "LastName" "Maciejewski" "Job" "SoftwareTestEngineerI" "Manager" "22" "HireDate" "2014-08-10T14:13:47" "Salary" "100000.0" "Commission" "179826.29" "Department" "41"
"HMSET" "emp:34" "EmployeeNumber" "34" "FirstName" "Eb" "LastName" "Iacobassi" "Job" "QualityControlSpecialist" "Manager" "60" "HireDate" "2012-03-04T21:49:09" "Salary" "100000.0" "Commission" "150688.59" "Department" "34"
"HMSET" "emp:35" "EmployeeNumber" "35" "FirstName" "Odie" "LastName" "Cush" "Job" "ExecutiveSecretary" "Manager" "53" "HireDate" "2010-02-21T23:36:04" "Salary" "100000.0" "Commission" "151574.29" "Department" "44"
"HMSET" "emp:36" "EmployeeNumber" "36" "FirstName" "Camella" "LastName" "Ogles" "Job" "LegalAssistant" "Manager" "27" "HireDate" "2018-11-15T02:43:56" "Salary" "100000.0" "Commission" "177082.13" "Department" "57"
"HMSET" "emp:37" "EmployeeNumber" "37" "FirstName" "Curry" "LastName" "Ohanessian" "Job" "HelpDeskOperator" "Manager" "98" "HireDate" "2012-06-26T19:30:07" "Salary" "100000.0" "Commission" "168930.06" "Department" "56"
"HMSET" "emp:38" "EmployeeNumber" "38" "FirstName" "Bartolemo" "LastName" "Petherick" "Job" "VPSales" "Manager" "40" "HireDate" "2020-03-09T00:17:43" "Salary" "100000.0" "Commission" "133284.14" "Department" "57"
"HMSET" "emp:39" "EmployeeNumber" "39" "FirstName" "Bradan" "LastName" "Kubas" "Job" "HumanResourcesManager" "Manager" "85" "HireDate" "2018-02-13T13:19:19" "Salary" "100000.0" "Commission" "101159.83" "Department" "84"
"HDEL" "emp:4" "EmployeeNumber" "FirstName" "LastName" "Job" "Manager" "HireDate" "Salary" "Commission" "Department"
"HDEL" "emp:40" "EmployeeNumber" "FirstName" "LastName" "Job" "Manager" "HireDate" "Salary" "Commission" "Department"
"HDEL" "emp:41" "EmployeeNumber" "FirstName" "LastName" "Job" "Manager" "HireDate" "Salary" "Commission" "Department"
"HDEL" "emp:42" "EmployeeNumber" "FirstName" "LastName" "Job" "Manager" "HireDate" "Salary" "Commission" "Department"
"HDEL" "emp:43" "EmployeeNumber" "FirstName" "LastName" "Job" "Manager" "HireDate" "Salary" "Commission" "Department"
"HDEL" "emp:44" "EmployeeNumber" "FirstName" "LastName" "Job" "Manager" "HireDate" "Salary" "Commission" "Department"
"HDEL" "emp:45" "EmployeeNumber" "FirstName" "LastName" "Job" "Manager" "HireDate" "Salary" "Commission" "Department"
"HDEL" "emp:46" "EmployeeNumber" "FirstName" "LastName" "Job" "Manager" "HireDate" "Salary" "Commission" "Department"
"HDEL" "emp:47" "EmployeeNumber" "FirstName" "LastName" "Job" "Manager" "HireDate" "Salary" "Commission" "Department"
"HDEL" "emp:48" "EmployeeNumber" "FirstName" "LastName" "Job" "Manager" "HireDate" "Salary" "Commission" "Department"
"HDEL" "emp:49" "EmployeeNumber" "FirstName" "LastName" "Job" "Manager" "HireDate" "Salary" "Commission" "Department"
"HDEL" "emp:400" "EmployeeNumber" "FirstName" "LastName" "Job" "Manager" "HireDate" "Salary" "Commission" "Department"
"HDEL" "emp:401" "EmployeeNumber" "FirstName" "LastName" "Job" "Manager" "HireDate" "Salary" "Commission" "Department"
"HDEL" "emp:402" "EmployeeNumber" "FirstName" "LastName" "Job" "Manager" "HireDate" "Salary" "Commission" "Department"
"HDEL" "emp:403" "EmployeeNumber" "FirstName" "LastName" "Job" "Manager" "HireDate" "Salary" "Commission" "Department"
"HDEL" "emp:404" "EmployeeNumber" "FirstName" "LastName" "Job" "Manager" "HireDate" "Salary" "Commission" "Department"
"HDEL" "emp:405" "EmployeeNumber" "FirstName" "LastName" "Job" "Manager" "HireDate" "Salary" "Commission" "Department"
"HDEL" "emp:406" "EmployeeNumber" "FirstName" "LastName" "Job" "Manager" "HireDate" "Salary" "Commission" "Department"
"HDEL" "emp:407" "EmployeeNumber" "FirstName" "LastName" "Job" "Manager" "HireDate" "Salary" "Commission" "Department"
"HDEL" "emp:408" "EmployeeNumber" "FirstName" "LastName" "Job" "Manager" "HireDate" "Salary" "Commission" "Department"
"HDEL" "emp:409" "EmployeeNumber" "FirstName" "LastName" "Job" "Manager" "HireDate" "Salary" "Commission" "Department"
"HDEL" "emp:410" "EmployeeNumber" "FirstName" "LastName" "Job" "Manager" "HireDate" "Salary" "Commission" "Department"
"HDEL" "emp:411" "EmployeeNumber" "FirstName" "LastName" "Job" "Manager" "HireDate" "Salary" "Commission" "Department"
"HDEL" "emp:412" "EmployeeNumber" "FirstName" "LastName" "Job" "Manager" "HireDate" "Salary" "Commission" "Department"
"HDEL" "emp:413" "EmployeeNumber" "FirstName" "LastName" "Job" "Manager" "HireDate" "Salary" "Commission" "Department"
"HDEL" "emp:414" "EmployeeNumber" "FirstName" "LastName" "Job" "Manager" "HireDate" "Salary" "Commission" "Department"
"HDEL" "emp:415" "EmployeeNumber" "FirstName" "LastName" "Job" "Manager" "HireDate" "Salary" "Commission" "Department"
"HDEL" "emp:416" "EmployeeNumber" "FirstName" "LastName" "Job" "Manager" "HireDate" "Salary" "Commission" "Department"
"HDEL" "emp:417" "EmployeeNumber" "FirstName" "LastName" "Job" "Manager" "HireDate" "Salary" "Commission" "Department"
"HDEL" "emp:418" "EmployeeNumber" "FirstName" "LastName" "Job" "Manager" "HireDate" "Salary" "Commission" "Department"
"HDEL" "emp:419" "EmployeeNumber" "FirstName" "LastName" "Job" "Manager" "HireDate" "Salary" "Commission" "Department"
"HDEL" "emp:420" "EmployeeNumber" "FirstName" "LastName" "Job" "Manager" "HireDate" "Salary" "Commission" "Department"
"HDEL" "emp:421" "EmployeeNumber" "FirstName" "LastName" "Job" "Manager" "HireDate" "Salary" "Commission" "Department"
"HDEL" "emp:422" "EmployeeNumber" "FirstName" "LastName" "Job" "Manager" "HireDate" "Salary" "Commission" "Department"
"HDEL" "emp:423" "EmployeeNumber" "FirstName" "LastName" "Job" "Manager" "HireDate" "Salary" "Commission" "Department"
"HDEL" "emp:424" "EmployeeNumber" "FirstName" "LastName" "Job" "Manager" "HireDate" "Salary" "Commission" "Department"
"HDEL" "emp:425" "EmployeeNumber" "FirstName" "LastName" "Job" "Manager" "HireDate" "Salary" "Commission" "Department"
"HDEL" "emp:426" "EmployeeNumber" "FirstName" "LastName" "Job" "Manager" "HireDate" "Salary" "Commission" "Department"
"HDEL" "emp:427" "EmployeeNumber" "FirstName" "LastName" "Job" "Manager" "HireDate" "Salary" "Commission" "Department"
"HDEL" "emp:428" "EmployeeNumber" "FirstName" "LastName" "Job" "Manager" "HireDate" "Salary" "Commission" "Department"
"HDEL" "emp:429" "EmployeeNumber" "FirstName" "LastName" "Job" "Manager" "HireDate" "Salary" "Commission" "Department"
"HDEL" "emp:430" "EmployeeNumber" "FirstName" "LastName" "Job" "Manager" "HireDate" "Salary" "Commission" "Department"
"HDEL" "emp:431" "EmployeeNumber" "FirstName" "LastName" "Job" "Manager" "HireDate" "Salary" "Commission" "Department"
"HDEL" "emp:432" "EmployeeNumber" "FirstName" "LastName" "Job" "Manager" "HireDate" "Salary" "Commission" "Department"
"HDEL" "emp:433" "EmployeeNumber" "FirstName" "LastName" "Job" "Manager" "HireDate" "Salary" "Commission" "Department"
"HDEL" "emp:434" "EmployeeNumber" "FirstName" "LastName" "Job" "Manager" "HireDate" "Salary" "Commission" "Department"
"HDEL" "emp:435" "EmployeeNumber" "FirstName" "LastName" "Job" "Manager" "HireDate" "Salary" "Commission" "Department"
"HDEL" "emp:436" "EmployeeNumber" "FirstName" "LastName" "Job" "Manager" "HireDate" "Salary" "Commission" "Department"
"HDEL" "emp:437" "EmployeeNumber" "FirstName" "LastName" "Job" "Manager" "HireDate" "Salary" "Commission" "Department"
"HDEL" "emp:438" "EmployeeNumber" "FirstName" "LastName" "Job" "Manager" "HireDate" "Salary" "Commission" "Department"
"HDEL" "emp:439" "EmployeeNumber" "FirstName" "LastName" "Job" "Manager" "HireDate" "Salary" "Commission" "Department"
"HDEL" "emp:440" "EmployeeNumber" "FirstName" "LastName" "Job" "Manager" "HireDate" "Salary" "Commission" "Department"
"HDEL" "emp:441" "EmployeeNumber" "FirstName" "LastName" "Job" "Manager" "HireDate" "Salary" "Commission" "Department"
"HDEL" "emp:442" "EmployeeNumber" "FirstName" "LastName" "Job" "Manager" "HireDate" "Salary" "Commission" "Department"
"HDEL" "emp:443" "EmployeeNumber" "FirstName" "LastName" "Job" "Manager" "HireDate" "Salary" "Commission" "Department"
"HDEL" "emp:444" "EmployeeNumber" "FirstName" "LastName" "Job" "Manager" "HireDate" "Salary" "Commission" "Department"
"HDEL" "emp:445" "EmployeeNumber" "FirstName" "LastName" "Job" "Manager" "HireDate" "Salary" "Commission" "Department"
"HDEL" "emp:446" "EmployeeNumber" "FirstName" "LastName" "Job" "Manager" "HireDate" "Salary" "Commission" "Department"
"HDEL" "emp:447" "EmployeeNumber" "FirstName" "LastName" "Job" "Manager" "HireDate" "Salary" "Commission" "Department"
"HDEL" "emp:448" "EmployeeNumber" "FirstName" "LastName" "Job" "Manager" "HireDate" "Salary" "Commission" "Department"
"HDEL" "emp:449" "EmployeeNumber" "FirstName" "LastName" "Job" "Manager" "HireDate" "Salary" "Commission" "Department"
"HDEL" "emp:450" "EmployeeNumber" "FirstName" "LastName" "Job" "Manager" "HireDate" "Salary" "Commission" "Department"
"HDEL" "emp:451" "EmployeeNumber" "FirstName" "LastName" "Job" "Manager" "HireDate" "Salary" "Commission" "Department"
"HDEL" "emp:452" "EmployeeNumber" "FirstName" "LastName" "Job" "Manager" "HireDate" "Salary" "Commission" "Department"
"HDEL" "emp:453" "EmployeeNumber" "FirstName" "LastName" "Job" "Manager" "HireDate" "Salary" "Commission" "Department"
"HDEL" "emp:454" "EmployeeNumber" "FirstName" "LastName" "Job" "Manager" "HireDate" "Salary" "Commission" "Department"
"HDEL" "emp:455" "EmployeeNumber" "FirstName" "LastName" "Job" "Manager" "HireDate" "Salary" "Commission" "Department"
"HDEL" "emp:456" "EmployeeNumber" "FirstName" "LastName" "Job" "Manager" "HireDate" "Salary" "Commission" "Department"
"HDEL" "emp:457" "EmployeeNumber" "FirstName" "LastName" "Job" "Manager" "HireDate" "Salary" "Commission" "Department"
"HDEL" "emp:458" "EmployeeNumber" "FirstName" "LastName" "Job" "Manager" "HireDate" "Salary" "Commission" "Department"
"HDEL" "emp:459" "EmployeeNumber" "FirstName" "LastName" "Job" "Manager" "HireDate" "Salary" "Commission" "Department"
"HDEL" "emp:460" "EmployeeNumber" "FirstName" "LastName" "Job" "Manager" "HireDate" "Salary" "Commission" "Department"
"HDEL" "emp:461" "EmployeeNumber" "FirstName" "LastName" "Job" "Manager" "HireDate" "Salary" "Commission" "Department"
"HDEL" "emp:462" "EmployeeNumber" "FirstName" "LastName" "Job" "Manager" "HireDate" "Salary" "Commission" "Department"
"HDEL" "emp:463" "EmployeeNumber" "FirstName" "LastName" "Job" "Manager" "HireDate" "Salary" "Commission" "Department"
"HDEL" "emp:464" "EmployeeNumber" "FirstName" "LastName" "Job" "Manager" "HireDate" "Salary" "Commission" "Department"
"HDEL" "emp:465" "EmployeeNumber" "FirstName" "LastName" "Job" "Manager" "HireDate" "Salary" "Commission" "Department"
"HDEL" "emp:466" "EmployeeNumber" "FirstName" "LastName" "Job" "Manager" "HireDate" "Salary" "Commission" "Department"
"HDEL" "emp:467" "EmployeeNumber" "FirstName" "LastName" "Job" "Manager" "HireDate" "Salary" "Commission" "Department"
"HDEL" "emp:468" "EmployeeNumber" "FirstName" "LastName" "Job" "Manager" "HireDate" "Salary" "Commission" "Department"
"HDEL" "emp:469" "EmployeeNumber" "FirstName" "LastName" "Job" "Manager" "HireDate" "Salary" "Commission" "Department"
"HDEL" "emp:470" "EmployeeNumber" "FirstName" "LastName" "Job" "Manager" "HireDate" "Salary" "Commission" "Department"
"HDEL" "emp:471" "EmployeeNumber" "FirstName" "LastName" "Job" "Manager" "HireDate" "Salary" "Commission" "Department"
"HDEL" "emp:472" "EmployeeNumber" "FirstName" "LastName" "Job" "Manager" "HireDate" "Salary" "Commission" "Department"
"HDEL" "emp:473" "EmployeeNumber" "FirstName" "LastName" "Job" "Manager" "HireDate" "Salary" "Commission" "Department"
"HDEL" "emp:474" "EmployeeNumber" "FirstName" "LastName" "Job" "Manager" "HireDate" "Salary" "Commission" "Department"
"HDEL" "emp:475" "EmployeeNumber" "FirstName" "LastName" "Job" "Manager" "HireDate" "Salary" "Commission" "Department"
"HDEL" "emp:476" "EmployeeNumber" "FirstName" "LastName" "Job" "Manager" "HireDate" "Salary" "Commission" "Department"
"HDEL" "emp:477" "EmployeeNumber" "FirstName" "LastName" "Job" "Manager" "HireDate" "Salary" "Commission" "Department"
"HDEL" "emp:478" "EmployeeNumber" "FirstName" "LastName" "Job" "Manager" "HireDate" "Salary" "Commission" "Department"
"HDEL" "emp:479" "EmployeeNumber" "FirstName" "LastName" "Job" "Manager" "HireDate" "Salary" "Commission" "Department"
"HDEL" "emp:480" "EmployeeNumber" "FirstName" "LastName" "Job" "Manager" "HireDate" "Salary" "Commission" "Department"
"HDEL" "emp:481" "EmployeeNumber" "FirstName" "LastName" "Job" "Manager" "HireDate" "Salary" "Commission" "Department"
"HDEL" "emp:482" "EmployeeNumber" "FirstName" "LastName" "Job" "Manager" "HireDate" "Salary" "Commission" "Department"
"HDEL" "emp:483" "EmployeeNumber" "FirstName" "LastName" "Job" "Manager" "HireDate" "Salary" "Commission" "Department"
"HDEL" "emp:484" "EmployeeNumber" "FirstName" "LastName" "Job" "Manager" "HireDate" "Salary" "Commission" "Department"
"HDEL" "emp:485" "EmployeeNumber" "FirstName" "LastName" "Job" "Manager" "HireDate" "Salary" "Commission" "Department"
"HDEL" "emp:486" "EmployeeNumber" "FirstName" "LastName" "Job" "Manager" "HireDate" "Salary" "Commission" "Department"
"HDEL" "emp:487" "EmployeeNumber" "FirstName" "LastName" "Job" "Manager" "HireDate" "Salary" "Commission" "Department"
"HDEL" "emp:488" "EmployeeNumber" "FirstName" "LastName" "Job" "Manager" "HireDate" "Salary" "Commission" "Department"
"HDEL" "emp:489" "EmployeeNumber" "FirstName" "LastName" "Job" "Manager" "HireDate" "Salary" "Commission" "Department"
"HDEL" "emp:490" "EmployeeNumber" "FirstName" "LastName" "Job" "Manager" "HireDate" "Salary" "Commission" "Department"
"HDEL" "emp:491" "EmployeeNumber" "FirstName" "LastName" "Job" "Manager" "HireDate" "Salary" "Commission" "Department"
"HDEL" "emp:492" "EmployeeNumber" "FirstName" "LastName" "Job" "Manager" "HireDate" "Salary" "Commission" "Department"
"HDEL" "emp:493" "EmployeeNumber" "FirstName" "LastName" "Job" "Manager" "HireDate" "Salary" "Commission" "Department"
"HDEL" "emp:494" "EmployeeNumber" "FirstName" "LastName" "Job" "Manager" "HireDate" "Salary" "Commission" "Department"
"HDEL" "emp:495" "EmployeeNumber" "FirstName" "LastName" "Job" "Manager" "HireDate" "Salary" "Commission" "Department"
"HDEL" "emp:496" "EmployeeNumber" "FirstName" "LastName" "Job" "Manager" "HireDate" "Salary" "Commission" "Department"
"HDEL" "emp:497" "EmployeeNumber" "FirstName" "LastName" "Job" "Manager" "HireDate" "Salary" "Commission" "Department"
"HDEL" "emp:498" "EmployeeNumber" "FirstName" "LastName" "Job" "Manager" "HireDate" "Salary" "Commission" "Department"
"HDEL" "emp:499" "EmployeeNumber" "FirstName" "LastName" "Job" "Manager" "HireDate" "Salary" "Commission" "Department"
