"HMSET" "emp:1" "Salary" "159549.35" "Department" "57" "FirstName" "Minor" "Commission" "108505.9" "EmployeeNumber" "1" "HireDate" "2018-08-09T19:50:13" "LastName" "Gason" "Manager" "51" "Job" "Librarian"
"HMSET" "emp:2" "Salary" "161820.83" "Department" "88" "FirstName" "Rene" "Commission" "152904.26" "EmployeeNumber" "2" "HireDate" "2013-03-31T14:14:55" "LastName" "McCluskey" "Manager" "38" "Job" "Data Coordiator"
"HMSET" "emp:3" "Salary" "146067.87" "Department" "23" "FirstName" "Emera" "Commission" "138425.93" "EmployeeNumber" "3" "HireDate" "2017-09-09T10:07:56" "LastName" "Govey" "Manager" "92" "Job" "Business Systems Development Analyst"
"HMSET" "emp:4" "Salary" "158513.89" "Department" "31" "FirstName" "Rici" "Commission" "160027.82" "EmployeeNumber" "4" "HireDate" "2010-08-25T03:45:38" "LastName" "Guiraud" "Manager" "78" "Job" "Civil Engineer"
"HMSET" "emp:5" "Salary" "121428.59" "Department" "66" "FirstName" "Kirby" "Commission" "149091.71" "EmployeeNumber" "5" "HireDate" "2017-04-11T13:46:57" "LastName" "Racine" "Manager" "82" "Job" "SeniorCostAccountant"
"HMSET" "emp:6" "Salary" "182699.36" "Department" "69" "FirstName" "Leontine" "Commission" "174019.68" "EmployeeNumber" "6" "HireDate" "2019-08-25T16:41:22" "LastName" "Tilio" "Manager" "32" "Job" "DesignEngineer"
"HMSET" "emp:7" "Salary" "138309.66" "Department" "74" "FirstName" "Benedict" "Commission" "153465.49" "EmployeeNumber" "7" "HireDate" "2010-01-26T15:37:54" "LastName" "Scaysbrook" "Manager" "24" "Job" "MediaManagerIV"
"HMSET" "emp:8" "Salary" "107163.75" "Department" "75" "FirstName" "Gaby" "Commission" "175673.22" "EmployeeNumber" "8" "HireDate" "2018-10-24T20:17:39" "LastName" "Lingner" "Manager" "47" "Job" "StatisticianII"
"HMSET" "emp:9" "Salary" "183921.19" "Department" "20" "FirstName" "Anjanette" "Commission" "132144.6" "EmployeeNumber" "9" "HireDate" "2009-05-29T12:48:54" "LastName" "Varty" "Manager" "71" "Job" "FoodChemist"
"HMSET" "emp:10" "Salary" "136660.63" "Department" "47" "FirstName" "Melina" "Commission" "102345.86" "EmployeeNumber" "10" "HireDate" "2020-06-05T12:10:20" "LastName" "Simester" "Manager" "31" "Job" "FoodChemist"
"HMSET" "emp:11" "Salary" "143259.9" "Department" "88" "FirstName" "Carol" "Commission" "147895.46" "EmployeeNumber" "11" "HireDate" "2016-04-26T12:41:09" "LastName" "Bridywater" "Manager" "96" "Job" "BusinessSystemsDevelopmentAnalyst"
"HMSET" "emp:12" "Salary" "117768.87" "Department" "73" "FirstName" "Jamey" "Commission" "168198.37" "EmployeeNumber" "12" "HireDate" "2014-12-12T13:53:11" "LastName" "Cow" "Manager" "52" "Job" "InternalAuditor"
"HMSET" "emp:13" "Salary" "146491.92" "Department" "72" "FirstName" "Joann" "Commission" "104419.82" "EmployeeNumber" "13" "HireDate" "2010-03-02T07:41:14" "LastName" "Djurkovic" "Manager" "25" "Job" "JuniorExecutive"
"HMSET" "emp:14" "Salary" "164379.24" "Department" "22" "FirstName" "Roland" "Commission" "152217.06" "EmployeeNumber" "14" "HireDate" "2009-04-22T12:32:20" "LastName" "Maier" "Manager" "13" "Job" "AnalogCircuitDesignmanager"
"HMSET" "emp:15" "Salary" "140179.58" "Department" "62" "FirstName" "Kristin" "Commission" "126402.24" "EmployeeNumber" "15" "HireDate" "2014-06-16T12:47:12" "LastName" "Wines" "Manager" "71" "Job" "SeniorSalesAssociate"
"HMSET" "emp:16" "Salary" "184067.9" "Department" "89" "FirstName" "Fonsie" "Commission" "126227.59" "EmployeeNumber" "16" "HireDate" "2009-06-09T18:24:29" "LastName" "Stenhouse" "Manager" "20" "Job" "VPAccounting"
"HMSET" "emp:17" "Salary" "152628.02" "Department" "63" "FirstName" "Louisa" "Commission" "165244.51" "EmployeeNumber" "17" "HireDate" "2019-04-13T09:31:55" "LastName" "Skews" "Manager" "71" "Job" "SeniorFinancialAnalyst"
"HMSET" "emp:18" "Salary" "155706.58" "Department" "49" "FirstName" "Saree" "Commission" "137935.45" "EmployeeNumber" "18" "HireDate" "2019-07-05T00:48:48" "LastName" "Kermitt" "Manager" "72" "Job" "InformationSystemsManager"
"HMSET" "emp:19" "Salary" "149043.45" "Department" "73" "FirstName" "Liana" "Commission" "114411.61" "EmployeeNumber" "19" "HireDate" "2018-11-06T05:25:17" "LastName" "Toovey" "Manager" "85" "Job" "ElectricalEngineer"
"HMSET" "emp:20" "Salary" "102111.73" "Department" "35" "FirstName" "Dewain" "Commission" "142994.91" "EmployeeNumber" "20" "HireDate" "2011-03-21T07:15:32" "LastName" "Custy" "Manager" "52" "Job" "SalesAssociate"
"HMSET" "emp:21" "Salary" "132658.13" "Department" "71" "FirstName" "Nerta" "Commission" "164063.86" "EmployeeNumber" "21" "HireDate" "2019-06-29T07:28:30" "LastName" "Martensen" "Manager" "62" "Job" "ChemicalEngineer"
"HMSET" "emp:22" "Salary" "113325.89" "Department" "56" "FirstName" "Martin" "Commission" "128814.3" "EmployeeNumber" "22" "HireDate" "2014-01-22T03:14:12" "LastName" "Oake" "Manager" "80" "Job" "GraphicDesigner"
"HMSET" "emp:23" "Salary" "180426.77" "Department" "98" "FirstName" "Abram" "Commission" "156720.2" "EmployeeNumber" "23" "HireDate" "2017-10-15T05:21:02" "LastName" "Arrault" "Manager" "88" "Job" "VPProductManagement"
"HMSET" "emp:24" "Salary" "123645.91" "Department" "20" "FirstName" "Pearle" "Commission" "124171.66" "EmployeeNumber" "24" "HireDate" "2011-09-30T17:58:53" "LastName" "Kynge" "Manager" "79" "Job" "HelpDeskTechnician"
"HMSET" "emp:25" "Salary" "123870.36" "Department" "23" "FirstName" "Hyacinthia" "Commission" "115136.12" "EmployeeNumber" "25" "HireDate" "2010-06-29T18:17:55" "LastName" "Grouse" "Manager" "77" "Job" "AssociateProfessor"
"HMSET" "emp:26" "Salary" "161601.38" "Department" "39" "FirstName" "Arluene" "Commission" "122683.76" "EmployeeNumber" "26" "HireDate" "2019-11-18T14:06:43" "LastName" "Jursch" "Manager" "68" "Job" "EngineerI"
"HMSET" "emp:27" "Salary" "106802.43" "Department" "99" "FirstName" "Wilburt" "Commission" "137593.18" "EmployeeNumber" "27" "HireDate" "2009-10-19T09:27:31" "LastName" "Gulvin" "Manager" "12" "Job" "RecruitingManager"
"HMSET" "emp:28" "Salary" "169192.52" "Department" "62" "FirstName" "Jackquelin" "Commission" "119205.77" "EmployeeNumber" "28" "HireDate" "2015-12-01T06:49:18" "LastName" "Garrettson" "Manager" "46" "Job" "Nurse"
"HMSET" "emp:29" "Salary" "121797.01" "Department" "24" "FirstName" "Kathrine" "Commission" "136098.57" "EmployeeNumber" "29" "HireDate" "2016-10-10T18:41:21" "LastName" "Etheridge" "Manager" "90" "Job" "SafetyTechnicianI"
"HMSET" "emp:30" "Salary" "180837.08" "Department" "98" "FirstName" "Harrietta" "Commission" "160854.7" "EmployeeNumber" "30" "HireDate" "2016-11-29T17:19:17" "LastName" "McIleen" "Manager" "55" "Job" "Recruiter"
"HMSET" "emp:31" "Salary" "161809.06" "Department" "12" "FirstName" "Breena" "Commission" "119585.16" "EmployeeNumber" "31" "HireDate" "2019-02-20T20:20:27" "LastName" "Casley" "Manager" "97" "Job" "SafetyTechnicianIII"
"HMSET" "emp:32" "Salary" "134069.81" "Department" "49" "FirstName" "Minna" "Commission" "145199.09" "EmployeeNumber" "32" "HireDate" "2013-03-28T11:25:08" "LastName" "Harman" "Manager" "38" "Job" "Nurse"
"HMSET" "emp:33" "Salary" "150250.04" "Department" "41" "FirstName" "Cecile" "Commission" "179826.29" "EmployeeNumber" "33" "HireDate" "2014-08-10T14:13:47" "LastName" "Maciejewski" "Manager" "22" "Job" "SoftwareTestEngineerI"
"HMSET" "emp:34" "Salary" "140146.55" "Department" "34" "FirstName" "Eb" "Commission" "150688.59" "EmployeeNumber" "34" "HireDate" "2012-03-04T21:49:09" "LastName" "Iacobassi" "Manager" "60" "Job" "QualityControlSpecialist"
"HMSET" "emp:35" "Salary" "103262.78" "Department" "44" "FirstName" "Odie" "Commission" "151574.29" "EmployeeNumber" "35" "HireDate" "2010-02-21T23:36:04" "LastName" "Cush" "Manager" "53" "Job" "ExecutiveSecretary"
"HMSET" "emp:36" "Salary" "152557.9" "Department" "57" "FirstName" "Camella" "Commission" "177082.13" "EmployeeNumber" "36" "HireDate" "2018-11-15T02:43:56" "LastName" "Ogles" "Manager" "27" "Job" "LegalAssistant"
"HMSET" "emp:37" "Salary" "184929.48" "Department" "56" "FirstName" "Curry" "Commission" "168930.06" "EmployeeNumber" "37" "HireDate" "2012-06-26T19:30:07" "LastName" "Ohanessian" "Manager" "98" "Job" "HelpDeskOperator"
"HMSET" "emp:38" "Salary" "118817.53" "Department" "57" "FirstName" "Bartolemo" "Commission" "133284.14" "EmployeeNumber" "38" "HireDate" "2020-03-09T00:17:43" "LastName" "Petherick" "Manager" "40" "Job" "VPSales"
"HMSET" "emp:39" "Salary" "160666.44" "Department" "84" "FirstName" "Bradan" "Commission" "101159.83" "EmployeeNumber" "39" "HireDate" "2018-02-13T13:19:19" "LastName" "Kubas" "Manager" "85" "Job" "HumanResourcesManager"
"HMSET" "emp:40" "Salary" "128927.17" "Department" "96" "FirstName" "Honor" "Commission" "137859.32" "EmployeeNumber" "40" "HireDate" "2015-09-05T14:06:40" "LastName" "Tarrant" "Manager" "85" "Job" "DentalHygienist"
"HMSET" "emp:41" "Salary" "167857.38" "Department" "94" "FirstName" "Benedetto" "Commission" "110447.49" "EmployeeNumber" "41" "HireDate" "2013-09-01T11:18:39" "LastName" "Robez" "Manager" "33" "Job" "OccupationalTherapist"
"HMSET" "emp:42" "Salary" "121870.4" "Department" "49" "FirstName" "Paloma" "Commission" "125640.39" "EmployeeNumber" "42" "HireDate" "2013-10-24T15:15:26" "LastName" "Fuller" "Manager" "43" "Job" "AccountExecutive"
"HMSET" "emp:43" "Salary" "104140.3" "Department" "64" "FirstName" "Antonin" "Commission" "172513.69" "EmployeeNumber" "43" "HireDate" "2009-12-23T08:05:15" "LastName" "Bulcroft" "Manager" "66" "Job" "VPQualityControl"
"HMSET" "emp:44" "Salary" "172964.88" "Department" "16" "FirstName" "Luciana" "Commission" "102808.48" "EmployeeNumber" "44" "HireDate" "2010-10-03T04:29:54" "LastName" "Luter" "Manager" "81" "Job" "AnalystProgrammer"
"HMSET" "emp:45" "Salary" "180786.74" "Department" "36" "FirstName" "Damian" "Commission" "127632.7" "EmployeeNumber" "45" "HireDate" "2016-08-23T19:26:15" "LastName" "Prate" "Manager" "46" "Job" "StaffAccountantI"
"HMSET" "emp:46" "Salary" "160053.25" "Department" "48" "FirstName" "Deni" "Commission" "159653.8" "EmployeeNumber" "46" "HireDate" "2009-05-02T19:11:52" "LastName" "Crone" "Manager" "45" "Job" "AnalystProgrammer"
"HMSET" "emp:47" "Salary" "133724.54" "Department" "13" "FirstName" "Dunc" "Commission" "150696.87" "EmployeeNumber" "47" "HireDate" "2013-10-03T17:27:48" "LastName" "Pidcock" "Manager" "62" "Job" "AdministrativeOfficer"
"HMSET" "emp:48" "Salary" "170358.71" "Department" "23" "FirstName" "Lorry" "Commission" "180690.03" "EmployeeNumber" "48" "HireDate" "2020-02-05T08:09:43" "LastName" "Keitley" "Manager" "70" "Job" "SalesAssociate"
"HMSET" "emp:49" "Salary" "148432.76" "Department" "24" "FirstName" "Trescha" "Commission" "105733.17" "EmployeeNumber" "49" "HireDate" "2012-01-07T20:39:31" "LastName" "Phillcox" "Manager" "80" "Job" "SystemsAdministratorIII"
"HMSET" "emp:50" "Salary" "101196.2" "Department" "68" "FirstName" "Maggee" "Commission" "165836.77" "EmployeeNumber" "50" "HireDate" "2012-12-11T06:17:47" "LastName" "Kirkham" "Manager" "80" "Job" "HumanResourcesManager"
"HMSET" "emp:3" "Salary" "100000.0" "Department" "23" "FirstName" "Emera" "Commission" "138425.93" "EmployeeNumber" "3" "HireDate" "2017-09-09T10:07:56" "LastName" "Govey" "Manager" "92" "Job" "BusinessSystemsDevelopmentAnalyst"
"HMSET" "emp:30" "Salary" "100000.0" "Department" "98" "FirstName" "Harrietta" "Commission" "160854.7" "EmployeeNumber" "30" "HireDate" "2016-11-29T17:19:17" "LastName" "McIleen" "Manager" "55" "Job" "Recruiter"
"HMSET" "emp:31" "Salary" "100000.0" "Department" "12" "FirstName" "Breena" "Commission" "119585.16" "EmployeeNumber" "31" "HireDate" "2019-02-20T20:20:27" "LastName" "Casley" "Manager" "97" "Job" "SafetyTechnicianIII"
"HMSET" "emp:32" "Salary" "100000.0" "Department" "49" "FirstName" "Minna" "Commission" "145199.09" "EmployeeNumber" "32" "HireDate" "2013-03-28T11:25:08" "LastName" "Harman" "Manager" "38" "Job" "Nurse"
"HMSET" "emp:33" "Salary" "100000.0" "Department" "41" "FirstName" "Cecile" "Commission" "179826.29" "EmployeeNumber" "33" "HireDate" "2014-08-10T14:13:47" "LastName" "Maciejewski" "Manager" "22" "Job" "SoftwareTestEngineerI"
"HMSET" "emp:34" "Salary" "100000.0" "Department" "34" "FirstName" "Eb" "Commission" "150688.59" "EmployeeNumber" "34" "HireDate" "2012-03-04T21:49:09" "LastName" "Iacobassi" "Manager" "60" "Job" "QualityControlSpecialist"
"HMSET" "emp:35" "Salary" "100000.0" "Department" "44" "FirstName" "Odie" "Commission" "151574.29" "EmployeeNumber" "35" "HireDate" "2010-02-21T23:36:04" "LastName" "Cush" "Manager" "53" "Job" "ExecutiveSecretary"
"HMSET" "emp:36" "Salary" "100000.0" "Department" "57" "FirstName" "Camella" "Commission" "177082.13" "EmployeeNumber" "36" "HireDate" "2018-11-15T02:43:56" "LastName" "Ogles" "Manager" "27" "Job" "LegalAssistant"
"HMSET" "emp:37" "Salary" "100000.0" "Department" "56" "FirstName" "Curry" "Commission" "168930.06" "EmployeeNumber" "37" "HireDate" "2012-06-26T19:30:07" "LastName" "Ohanessian" "Manager" "98" "Job" "HelpDeskOperator"
"HMSET" "emp:38" "Salary" "100000.0" "Department" "57" "FirstName" "Bartolemo" "Commission" "133284.14" "EmployeeNumber" "38" "HireDate" "2020-03-09T00:17:43" "LastName" "Petherick" "Manager" "40" "Job" "VPSales"
"HMSET" "emp:39" "Salary" "100000.0" "Department" "84" "FirstName" "Bradan" "Commission" "101159.83" "EmployeeNumber" "39" "HireDate" "2018-02-13T13:19:19" "LastName" "Kubas" "Manager" "85" "Job" "HumanResourcesManager"
"HDEL" "emp:4" "EmployeeNumber" "FirstName" "LastName" "Job" "Manager" "HireDate" "Salary" "Commission" "Department"
"HDEL" "emp:40" "EmployeeNumber" "FirstName" "LastName" "Job" "Manager" "HireDate" "Salary" "Commission" "Department"
"HDEL" "emp:41" "EmployeeNumber" "FirstName" "LastName" "Job" "Manager" "HireDate" "Salary" "Commission" "Department"
"HDEL" "emp:42" "EmployeeNumber" "FirstName" "LastName" "Job" "Manager" "HireDate" "Salary" "Commission" "Department"
"HDEL" "emp:43" "EmployeeNumber" "FirstName" "LastName" "Job" "Manager" "HireDate" "Salary" "Commission" "Department"
"HDEL" "emp:44" "EmployeeNumber" "FirstName" "LastName" "Job" "Manager" "HireDate" "Salary" "Commission" "Department"
"HDEL" "emp:45" "EmployeeNumber" "FirstName" "LastName" "Job" "Manager" "HireDate" "Salary" "Commission" "Department"
"HDEL" "emp:46" "EmployeeNumber" "FirstName" "LastName" "Job" "Manager" "HireDate" "Salary" "Commission" "Department"
"HDEL" "emp:47" "EmployeeNumber" "FirstName" "LastName" "Job" "Manager" "HireDate" "Salary" "Commission" "Department"
"HDEL" "emp:48" "EmployeeNumber" "FirstName" "LastName" "Job" "Manager" "HireDate" "Salary" "Commission" "Department"
"HDEL" "emp:49" "EmployeeNumber" "FirstName" "LastName" "Job" "Manager" "HireDate" "Salary" "Commission" "Department"
"HDEL" "emp:400" "EmployeeNumber" "FirstName" "LastName" "Job" "Manager" "HireDate" "Salary" "Commission" "Department"
"HDEL" "emp:401" "EmployeeNumber" "FirstName" "LastName" "Job" "Manager" "HireDate" "Salary" "Commission" "Department"
"HDEL" "emp:402" "EmployeeNumber" "FirstName" "LastName" "Job" "Manager" "HireDate" "Salary" "Commission" "Department"
"HDEL" "emp:403" "EmployeeNumber" "FirstName" "LastName" "Job" "Manager" "HireDate" "Salary" "Commission" "Department"
"HDEL" "emp:404" "EmployeeNumber" "FirstName" "LastName" "Job" "Manager" "HireDate" "Salary" "Commission" "Department"
"HDEL" "emp:405" "EmployeeNumber" "FirstName" "LastName" "Job" "Manager" "HireDate" "Salary" "Commission" "Department"
"HDEL" "emp:406" "EmployeeNumber" "FirstName" "LastName" "Job" "Manager" "HireDate" "Salary" "Commission" "Department"
"HDEL" "emp:407" "EmployeeNumber" "FirstName" "LastName" "Job" "Manager" "HireDate" "Salary" "Commission" "Department"
"HDEL" "emp:408" "EmployeeNumber" "FirstName" "LastName" "Job" "Manager" "HireDate" "Salary" "Commission" "Department"
"HDEL" "emp:409" "EmployeeNumber" "FirstName" "LastName" "Job" "Manager" "HireDate" "Salary" "Commission" "Department"
"HDEL" "emp:410" "EmployeeNumber" "FirstName" "LastName" "Job" "Manager" "HireDate" "Salary" "Commission" "Department"
"HDEL" "emp:411" "EmployeeNumber" "FirstName" "LastName" "Job" "Manager" "HireDate" "Salary" "Commission" "Department"
"HDEL" "emp:412" "EmployeeNumber" "FirstName" "LastName" "Job" "Manager" "HireDate" "Salary" "Commission" "Department"
"HDEL" "emp:413" "EmployeeNumber" "FirstName" "LastName" "Job" "Manager" "HireDate" "Salary" "Commission" "Department"
"HDEL" "emp:414" "EmployeeNumber" "FirstName" "LastName" "Job" "Manager" "HireDate" "Salary" "Commission" "Department"
"HDEL" "emp:415" "EmployeeNumber" "FirstName" "LastName" "Job" "Manager" "HireDate" "Salary" "Commission" "Department"
"HDEL" "emp:416" "EmployeeNumber" "FirstName" "LastName" "Job" "Manager" "HireDate" "Salary" "Commission" "Department"
"HDEL" "emp:417" "EmployeeNumber" "FirstName" "LastName" "Job" "Manager" "HireDate" "Salary" "Commission" "Department"
"HDEL" "emp:418" "EmployeeNumber" "FirstName" "LastName" "Job" "Manager" "HireDate" "Salary" "Commission" "Department"
"HDEL" "emp:419" "EmployeeNumber" "FirstName" "LastName" "Job" "Manager" "HireDate" "Salary" "Commission" "Department"
"HDEL" "emp:420" "EmployeeNumber" "FirstName" "LastName" "Job" "Manager" "HireDate" "Salary" "Commission" "Department"
"HDEL" "emp:421" "EmployeeNumber" "FirstName" "LastName" "Job" "Manager" "HireDate" "Salary" "Commission" "Department"
"HDEL" "emp:422" "EmployeeNumber" "FirstName" "LastName" "Job" "Manager" "HireDate" "Salary" "Commission" "Department"
"HDEL" "emp:423" "EmployeeNumber" "FirstName" "LastName" "Job" "Manager" "HireDate" "Salary" "Commission" "Department"
"HDEL" "emp:424" "EmployeeNumber" "FirstName" "LastName" "Job" "Manager" "HireDate" "Salary" "Commission" "Department"
"HDEL" "emp:425" "EmployeeNumber" "FirstName" "LastName" "Job" "Manager" "HireDate" "Salary" "Commission" "Department"
"HDEL" "emp:426" "EmployeeNumber" "FirstName" "LastName" "Job" "Manager" "HireDate" "Salary" "Commission" "Department"
"HDEL" "emp:427" "EmployeeNumber" "FirstName" "LastName" "Job" "Manager" "HireDate" "Salary" "Commission" "Department"
"HDEL" "emp:428" "EmployeeNumber" "FirstName" "LastName" "Job" "Manager" "HireDate" "Salary" "Commission" "Department"
"HDEL" "emp:429" "EmployeeNumber" "FirstName" "LastName" "Job" "Manager" "HireDate" "Salary" "Commission" "Department"
"HDEL" "emp:430" "EmployeeNumber" "FirstName" "LastName" "Job" "Manager" "HireDate" "Salary" "Commission" "Department"
"HDEL" "emp:431" "EmployeeNumber" "FirstName" "LastName" "Job" "Manager" "HireDate" "Salary" "Commission" "Department"
"HDEL" "emp:432" "EmployeeNumber" "FirstName" "LastName" "Job" "Manager" "HireDate" "Salary" "Commission" "Department"
"HDEL" "emp:433" "EmployeeNumber" "FirstName" "LastName" "Job" "Manager" "HireDate" "Salary" "Commission" "Department"
"HDEL" "emp:434" "EmployeeNumber" "FirstName" "LastName" "Job" "Manager" "HireDate" "Salary" "Commission" "Department"
"HDEL" "emp:435" "EmployeeNumber" "FirstName" "LastName" "Job" "Manager" "HireDate" "Salary" "Commission" "Department"
"HDEL" "emp:436" "EmployeeNumber" "FirstName" "LastName" "Job" "Manager" "HireDate" "Salary" "Commission" "Department"
"HDEL" "emp:437" "EmployeeNumber" "FirstName" "LastName" "Job" "Manager" "HireDate" "Salary" "Commission" "Department"
"HDEL" "emp:438" "EmployeeNumber" "FirstName" "LastName" "Job" "Manager" "HireDate" "Salary" "Commission" "Department"
"HDEL" "emp:439" "EmployeeNumber" "FirstName" "LastName" "Job" "Manager" "HireDate" "Salary" "Commission" "Department"
"HDEL" "emp:440" "EmployeeNumber" "FirstName" "LastName" "Job" "Manager" "HireDate" "Salary" "Commission" "Department"
"HDEL" "emp:441" "EmployeeNumber" "FirstName" "LastName" "Job" "Manager" "HireDate" "Salary" "Commission" "Department"
"HDEL" "emp:442" "EmployeeNumber" "FirstName" "LastName" "Job" "Manager" "HireDate" "Salary" "Commission" "Department"
"HDEL" "emp:443" "EmployeeNumber" "FirstName" "LastName" "Job" "Manager" "HireDate" "Salary" "Commission" "Department"
"HDEL" "emp:444" "EmployeeNumber" "FirstName" "LastName" "Job" "Manager" "HireDate" "Salary" "Commission" "Department"
"HDEL" "emp:445" "EmployeeNumber" "FirstName" "LastName" "Job" "Manager" "HireDate" "Salary" "Commission" "Department"
"HDEL" "emp:446" "EmployeeNumber" "FirstName" "LastName" "Job" "Manager" "HireDate" "Salary" "Commission" "Department"
"HDEL" "emp:447" "EmployeeNumber" "FirstName" "LastName" "Job" "Manager" "HireDate" "Salary" "Commission" "Department"
"HDEL" "emp:448" "EmployeeNumber" "FirstName" "LastName" "Job" "Manager" "HireDate" "Salary" "Commission" "Department"
"HDEL" "emp:449" "EmployeeNumber" "FirstName" "LastName" "Job" "Manager" "HireDate" "Salary" "Commission" "Department"
"HDEL" "emp:450" "EmployeeNumber" "FirstName" "LastName" "Job" "Manager" "HireDate" "Salary" "Commission" "Department"
"HDEL" "emp:451" "EmployeeNumber" "FirstName" "LastName" "Job" "Manager" "HireDate" "Salary" "Commission" "Department"
"HDEL" "emp:452" "EmployeeNumber" "FirstName" "LastName" "Job" "Manager" "HireDate" "Salary" "Commission" "Department"
"HDEL" "emp:453" "EmployeeNumber" "FirstName" "LastName" "Job" "Manager" "HireDate" "Salary" "Commission" "Department"
"HDEL" "emp:454" "EmployeeNumber" "FirstName" "LastName" "Job" "Manager" "HireDate" "Salary" "Commission" "Department"
"HDEL" "emp:455" "EmployeeNumber" "FirstName" "LastName" "Job" "Manager" "HireDate" "Salary" "Commission" "Department"
"HDEL" "emp:456" "EmployeeNumber" "FirstName" "LastName" "Job" "Manager" "HireDate" "Salary" "Commission" "Department"
"HDEL" "emp:457" "EmployeeNumber" "FirstName" "LastName" "Job" "Manager" "HireDate" "Salary" "Commission" "Department"
"HDEL" "emp:458" "EmployeeNumber" "FirstName" "LastName" "Job" "Manager" "HireDate" "Salary" "Commission" "Department"
"HDEL" "emp:459" "EmployeeNumber" "FirstName" "LastName" "Job" "Manager" "HireDate" "Salary" "Commission" "Department"
"HDEL" "emp:460" "EmployeeNumber" "FirstName" "LastName" "Job" "Manager" "HireDate" "Salary" "Commission" "Department"
"HDEL" "emp:461" "EmployeeNumber" "FirstName" "LastName" "Job" "Manager" "HireDate" "Salary" "Commission" "Department"
"HDEL" "emp:462" "EmployeeNumber" "FirstName" "LastName" "Job" "Manager" "HireDate" "Salary" "Commission" "Department"
"HDEL" "emp:463" "EmployeeNumber" "FirstName" "LastName" "Job" "Manager" "HireDate" "Salary" "Commission" "Department"
"HDEL" "emp:464" "EmployeeNumber" "FirstName" "LastName" "Job" "Manager" "HireDate" "Salary" "Commission" "Department"
"HDEL" "emp:465" "EmployeeNumber" "FirstName" "LastName" "Job" "Manager" "HireDate" "Salary" "Commission" "Department"
"HDEL" "emp:466" "EmployeeNumber" "FirstName" "LastName" "Job" "Manager" "HireDate" "Salary" "Commission" "Department"
"HDEL" "emp:467" "EmployeeNumber" "FirstName" "LastName" "Job" "Manager" "HireDate" "Salary" "Commission" "Department"
"HDEL" "emp:468" "EmployeeNumber" "FirstName" "LastName" "Job" "Manager" "HireDate" "Salary" "Commission" "Department"
"HDEL" "emp:469" "EmployeeNumber" "FirstName" "LastName" "Job" "Manager" "HireDate" "Salary" "Commission" "Department"
"HDEL" "emp:470" "EmployeeNumber" "FirstName" "LastName" "Job" "Manager" "HireDate" "Salary" "Commission" "Department"
"HDEL" "emp:471" "EmployeeNumber" "FirstName" "LastName" "Job" "Manager" "HireDate" "Salary" "Commission" "Department"
"HDEL" "emp:472" "EmployeeNumber" "FirstName" "LastName" "Job" "Manager" "HireDate" "Salary" "Commission" "Department"
"HDEL" "emp:473" "EmployeeNumber" "FirstName" "LastName" "Job" "Manager" "HireDate" "Salary" "Commission" "Department"
"HDEL" "emp:474" "EmployeeNumber" "FirstName" "LastName" "Job" "Manager" "HireDate" "Salary" "Commission" "Department"
"HDEL" "emp:475" "EmployeeNumber" "FirstName" "LastName" "Job" "Manager" "HireDate" "Salary" "Commission" "Department"
"HDEL" "emp:476" "EmployeeNumber" "FirstName" "LastName" "Job" "Manager" "HireDate" "Salary" "Commission" "Department"
"HDEL" "emp:477" "EmployeeNumber" "FirstName" "LastName" "Job" "Manager" "HireDate" "Salary" "Commission" "Department"
"HDEL" "emp:478" "EmployeeNumber" "FirstName" "LastName" "Job" "Manager" "HireDate" "Salary" "Commission" "Department"
"HDEL" "emp:479" "EmployeeNumber" "FirstName" "LastName" "Job" "Manager" "HireDate" "Salary" "Commission" "Department"
"HDEL" "emp:480" "EmployeeNumber" "FirstName" "LastName" "Job" "Manager" "HireDate" "Salary" "Commission" "Department"
"HDEL" "emp:481" "EmployeeNumber" "FirstName" "LastName" "Job" "Manager" "HireDate" "Salary" "Commission" "Department"
"HDEL" "emp:482" "EmployeeNumber" "FirstName" "LastName" "Job" "Manager" "HireDate" "Salary" "Commission" "Department"
"HDEL" "emp:483" "EmployeeNumber" "FirstName" "LastName" "Job" "Manager" "HireDate" "Salary" "Commission" "Department"
"HDEL" "emp:484" "EmployeeNumber" "FirstName" "LastName" "Job" "Manager" "HireDate" "Salary" "Commission" "Department"
"HDEL" "emp:485" "EmployeeNumber" "FirstName" "LastName" "Job" "Manager" "HireDate" "Salary" "Commission" "Department"
"HDEL" "emp:486" "EmployeeNumber" "FirstName" "LastName" "Job" "Manager" "HireDate" "Salary" "Commission" "Department"
"HDEL" "emp:487" "EmployeeNumber" "FirstName" "LastName" "Job" "Manager" "HireDate" "Salary" "Commission" "Department"
"HDEL" "emp:488" "EmployeeNumber" "FirstName" "LastName" "Job" "Manager" "HireDate" "Salary" "Commission" "Department"
"HDEL" "emp:489" "EmployeeNumber" "FirstName" "LastName" "Job" "Manager" "HireDate" "Salary" "Commission" "Department"
"HDEL" "emp:490" "EmployeeNumber" "FirstName" "LastName" "Job" "Manager" "HireDate" "Salary" "Commission" "Department"
"HDEL" "emp:491" "EmployeeNumber" "FirstName" "LastName" "Job" "Manager" "HireDate" "Salary" "Commission" "Department"
"HDEL" "emp:492" "EmployeeNumber" "FirstName" "LastName" "Job" "Manager" "HireDate" "Salary" "Commission" "Department"
"HDEL" "emp:493" "EmployeeNumber" "FirstName" "LastName" "Job" "Manager" "HireDate" "Salary" "Commission" "Department"
"HDEL" "emp:494" "EmployeeNumber" "FirstName" "LastName" "Job" "Manager" "HireDate" "Salary" "Commission" "Department"
"HDEL" "emp:495" "EmployeeNumber" "FirstName" "LastName" "Job" "Manager" "HireDate" "Salary" "Commission" "Department"
"HDEL" "emp:496" "EmployeeNumber" "FirstName" "LastName" "Job" "Manager" "HireDate" "Salary" "Commission" "Department"
"HDEL" "emp:497" "EmployeeNumber" "FirstName" "LastName" "Job" "Manager" "HireDate" "Salary" "Commission" "Department"
"HDEL" "emp:498" "EmployeeNumber" "FirstName" "LastName" "Job" "Manager" "HireDate" "Salary" "Commission" "Department"
"HDEL" "emp:499" "EmployeeNumber" "FirstName" "LastName" "Job" "Manager" "HireDate" "Salary" "Commission" "Department"
